This is pdfTeX, Version 3.141592653-2.6-1.40.25 (MiKTeX 23.5) (preloaded format=pdflatex 2023.9.3)  4 SEP 2023 11:37
entering extended mode
 restricted \write18 enabled.
 %&-line parsing enabled.
**"C:/Users/testc/Desktop/My_Semester5/Analysis Algorithm/lab_01/doc/construct.
tex"

(C:/Users/testc/Desktop/My_Semester5/Analysis Algorithm/lab_01/doc/construct.te
x
LaTeX2e <2023-06-01> patch level 1
L3 programming layer <2023-08-11>
! Undefined control sequence.
l.1 \chapter
            {–ö–æ–Ω—Å—Ç—Ä—É–∫—Ç–æ—Ä—Å–∫–∞—è —á–∞—Å—Ç—å}
The control sequence at the end of the top line
of your error message was never \def'ed. If you have
misspelled it (e.g., `\hobx'), type `I' and the correct
spelling (e.g., `I\hbox'). Otherwise just continue,
and I'll forget about whatever was undefined.


! LaTeX Error: Unicode character –ö (U+041A)
               not set up for use with LaTeX.

See the LaTeX manual or LaTeX Companion for explanation.
Type  H <return>  for immediate help.
 ...                                              
                                                  
l.1 \chapter{–ö
               –æ–Ω—Å—Ç—Ä—É–∫—Ç–æ—Ä—Å–∫–∞—è —á–∞—Å—Ç—å}
You may provide a definition with
\DeclareUnicodeCharacter 


! LaTeX Error: Unicode character –æ (U+043E)
               not set up for use with LaTeX.

See the LaTeX manual or LaTeX Companion for explanation.
Type  H <return>  for immediate help.
 ...                                              
                                                  
l.1 \chapter{–ö–æ
                 –Ω—Å—Ç—Ä—É–∫—Ç–æ—Ä—Å–∫–∞—è —á–∞—Å—Ç—å}
You may provide a definition with
\DeclareUnicodeCharacter 


! LaTeX Error: Unicode character –Ω (U+043D)
               not set up for use with LaTeX.

See the LaTeX manual or LaTeX Companion for explanation.
Type  H <return>  for immediate help.
 ...                                              
                                                  
l.1 \chapter{–ö–æ–Ω
                   —Å—Ç—Ä—É–∫—Ç–æ—Ä—Å–∫–∞—è —á–∞—Å—Ç—å}
You may provide a definition with
\DeclareUnicodeCharacter 


! LaTeX Error: Unicode character —Å (U+0441)
               not set up for use with LaTeX.

See the LaTeX manual or LaTeX Companion for explanation.
Type  H <return>  for immediate help.
 ...                                              
                                                  
l.1 \chapter{–ö–æ–Ω—Å
                     —Ç—Ä—É–∫—Ç–æ—Ä—Å–∫–∞—è —á–∞—Å—Ç—å}
You may provide a definition with
\DeclareUnicodeCharacter 


! LaTeX Error: Unicode character —Ç (U+0442)
               not set up for use with LaTeX.

See the LaTeX manual or LaTeX Companion for explanation.
Type  H <return>  for immediate help.
 ...                                              
                                                  
l.1 \chapter{–ö–æ–Ω—Å—Ç
                       —Ä—É–∫—Ç–æ—Ä—Å–∫–∞—è —á–∞—Å—Ç—å}
You may provide a definition with
\DeclareUnicodeCharacter 


! LaTeX Error: Unicode character —Ä (U+0440)
               not set up for use with LaTeX.

See the LaTeX manual or LaTeX Companion for explanation.
Type  H <return>  for immediate help.
 ...                                              
                                                  
l.1 \chapter{–ö–æ–Ω—Å—Ç—Ä
                         —É–∫—Ç–æ—Ä—Å–∫–∞—è —á–∞—Å—Ç—å}
You may provide a definition with
\DeclareUnicodeCharacter 


! LaTeX Error: Unicode character —É (U+0443)
               not set up for use with LaTeX.

See the LaTeX manual or LaTeX Companion for explanation.
Type  H <return>  for immediate help.
 ...                                              
                                                  
l.1 \chapter{–ö–æ–Ω—Å—Ç—Ä—É
                           –∫—Ç–æ—Ä—Å–∫–∞—è —á–∞—Å—Ç—å}
You may provide a definition with
\DeclareUnicodeCharacter 


! LaTeX Error: Unicode character –∫ (U+043A)
               not set up for use with LaTeX.

See the LaTeX manual or LaTeX Companion for explanation.
Type  H <return>  for immediate help.
 ...                                              
                                                  
l.1 \chapter{–ö–æ–Ω—Å—Ç—Ä—É–∫
                             —Ç–æ—Ä—Å–∫–∞—è —á–∞—Å—Ç—å}
You may provide a definition with
\DeclareUnicodeCharacter 


! LaTeX Error: Unicode character —Ç (U+0442)
               not set up for use with LaTeX.

See the LaTeX manual or LaTeX Companion for explanation.
Type  H <return>  for immediate help.
 ...                                              
                                                  
l.1 \chapter{–ö–æ–Ω—Å—Ç—Ä—É–∫—Ç
                               –æ—Ä—Å–∫–∞—è —á–∞—Å—Ç—å}
You may provide a definition with
\DeclareUnicodeCharacter 


! LaTeX Error: Unicode character –æ (U+043E)
               not set up for use with LaTeX.

See the LaTeX manual or LaTeX Companion for explanation.
Type  H <return>  for immediate help.
 ...                                              
                                                  
l.1 \chapter{–ö–æ–Ω—Å—Ç—Ä—É–∫—Ç–æ
                                 —Ä—Å–∫–∞—è —á–∞—Å—Ç—å}
You may provide a definition with
\DeclareUnicodeCharacter 


! LaTeX Error: Unicode character —Ä (U+0440)
               not set up for use with LaTeX.

See the LaTeX manual or LaTeX Companion for explanation.
Type  H <return>  for immediate help.
 ...                                              
                                                  
l.1 \chapter{–ö–æ–Ω—Å—Ç—Ä—É–∫—Ç–æ—Ä
                                   —Å–∫–∞—è —á–∞—Å—Ç—å}
You may provide a definition with
\DeclareUnicodeCharacter 


! LaTeX Error: Unicode character —Å (U+0441)
               not set up for use with LaTeX.

See the LaTeX manual or LaTeX Companion for explanation.
Type  H <return>  for immediate help.
 ...                                              
                                                  
l.1 \chapter{–ö–æ–Ω—Å—Ç—Ä—É–∫—Ç–æ—Ä—Å
                                     –∫–∞—è —á–∞—Å—Ç—å}
You may provide a definition with
\DeclareUnicodeCharacter 


! LaTeX Error: Unicode character –∫ (U+043A)
               not set up for use with LaTeX.

See the LaTeX manual or LaTeX Companion for explanation.
Type  H <return>  for immediate help.
 ...                                              
                                                  
l.1 \chapter{–ö–æ–Ω—Å—Ç—Ä—É–∫—Ç–æ—Ä—Å–∫
                                       –∞—è —á–∞—Å—Ç—å}
You may provide a definition with
\DeclareUnicodeCharacter 


! LaTeX Error: Unicode character –∞ (U+0430)
               not set up for use with LaTeX.

See the LaTeX manual or LaTeX Companion for explanation.
Type  H <return>  for immediate help.
 ...                                              
                                                  
l.1 \chapter{–ö–æ–Ω—Å—Ç—Ä—É–∫—Ç–æ—Ä—Å–∫–∞
                                         —è —á–∞—Å—Ç—å}
You may provide a definition with
\DeclareUnicodeCharacter 


! LaTeX Error: Unicode character —è (U+044F)
               not set up for use with LaTeX.

See the LaTeX manual or LaTeX Companion for explanation.
Type  H <return>  for immediate help.
 ...                                              
                                                  
l.1 \chapter{–ö–æ–Ω—Å—Ç—Ä—É–∫—Ç–æ—Ä—Å–∫–∞—è
                                            —á–∞—Å—Ç—å}
You may provide a definition with
\DeclareUnicodeCharacter 


! LaTeX Error: Unicode character —á (U+0447)
               not set up for use with LaTeX.

See the LaTeX manual or LaTeX Companion for explanation.
Type  H <return>  for immediate help.
 ...                                              
                                                  
l.1 \chapter{–ö–æ–Ω—Å—Ç—Ä—É–∫—Ç–æ—Ä—Å–∫–∞—è —á
                                              –∞—Å—Ç—å}
You may provide a definition with
\DeclareUnicodeCharacter 


! LaTeX Error: Unicode character –∞ (U+0430)
               not set up for use with LaTeX.

See the LaTeX manual or LaTeX Companion for explanation.
Type  H <return>  for immediate help.
 ...                                              
                                                  
l.1 \chapter{–ö–æ–Ω—Å—Ç—Ä—É–∫—Ç–æ—Ä—Å–∫–∞—è —á–∞
                                                —Å—Ç—å}
You may provide a definition with
\DeclareUnicodeCharacter 


! LaTeX Error: Unicode character —Å (U+0441)
               not set up for use with LaTeX.

See the LaTeX manual or LaTeX Companion for explanation.
Type  H <return>  for immediate help.
 ...                                              
                                                  
l.1 \chapter{–ö–æ–Ω—Å—Ç—Ä—É–∫—Ç–æ—Ä—Å–∫–∞—è —á–∞—Å
                                                  —Ç—å}
You may provide a definition with
\DeclareUnicodeCharacter 


! LaTeX Error: Unicode character —Ç (U+0442)
               not set up for use with LaTeX.

See the LaTeX manual or LaTeX Companion for explanation.
Type  H <return>  for immediate help.
 ...                                              
                                                  
l.1 ...ter{–ö–æ–Ω—Å—Ç—Ä—É–∫—Ç–æ—Ä—Å–∫–∞—è —á–∞—Å—Ç
                                                  —å}
You may provide a definition with
\DeclareUnicodeCharacter 


! LaTeX Error: Unicode character —å (U+044C)
               not set up for use with LaTeX.

See the LaTeX manual or LaTeX Companion for explanation.
Type  H <return>  for immediate help.
 ...                                              
                                                  
l.1 ...r{–ö–æ–Ω—Å—Ç—Ä—É–∫—Ç–æ—Ä—Å–∫–∞—è —á–∞—Å—Ç—å
                                                  }
You may provide a definition with
\DeclareUnicodeCharacter 


! LaTeX Error: Unicode character –í (U+0412)
               not set up for use with LaTeX.

See the LaTeX manual or LaTeX Companion for explanation.
Type  H <return>  for immediate help.
 ...                                              
                                                  
l.2 –í
       –¥–∞–Ω–Ω–æ–º —Ä–∞–∑–¥–µ–ª–µ –±—É–¥—É—Ç –ø—Ä–µ–¥—Å—Ç–∞–≤–ª–µ–Ω—ã —Å—Ö–...

You may provide a definition with
\DeclareUnicodeCharacter 


! LaTeX Error: Unicode character –¥ (U+0434)
               not set up for use with LaTeX.

See the LaTeX manual or LaTeX Companion for explanation.
Type  H <return>  for immediate help.
 ...                                              
                                                  
l.2 –í –¥
         –∞–Ω–Ω–æ–º —Ä–∞–∑–¥–µ–ª–µ –±—É–¥—É—Ç –ø—Ä–µ–¥—Å—Ç–∞–≤–ª–µ–Ω—ã —Å—Ö–...

You may provide a definition with
\DeclareUnicodeCharacter 


! LaTeX Error: Unicode character –∞ (U+0430)
               not set up for use with LaTeX.

See the LaTeX manual or LaTeX Companion for explanation.
Type  H <return>  for immediate help.
 ...                                              
                                                  
l.2 –í –¥–∞
           –Ω–Ω–æ–º —Ä–∞–∑–¥–µ–ª–µ –±—É–¥—É—Ç –ø—Ä–µ–¥—Å—Ç–∞–≤–ª–µ–Ω—ã —Å—Ö–...

You may provide a definition with
\DeclareUnicodeCharacter 


! LaTeX Error: Unicode character –Ω (U+043D)
               not set up for use with LaTeX.

See the LaTeX manual or LaTeX Companion for explanation.
Type  H <return>  for immediate help.
 ...                                              
                                                  
l.2 –í –¥–∞–Ω
             –Ω–æ–º —Ä–∞–∑–¥–µ–ª–µ –±—É–¥—É—Ç –ø—Ä–µ–¥—Å—Ç–∞–≤–ª–µ–Ω—ã —Å—Ö–...

You may provide a definition with
\DeclareUnicodeCharacter 


! LaTeX Error: Unicode character –Ω (U+043D)
               not set up for use with LaTeX.

See the LaTeX manual or LaTeX Companion for explanation.
Type  H <return>  for immediate help.
 ...                                              
                                                  
l.2 –í –¥–∞–Ω–Ω
               –æ–º —Ä–∞–∑–¥–µ–ª–µ –±—É–¥—É—Ç –ø—Ä–µ–¥—Å—Ç–∞–≤–ª–µ–Ω—ã —Å—Ö–...

You may provide a definition with
\DeclareUnicodeCharacter 


! LaTeX Error: Unicode character –æ (U+043E)
               not set up for use with LaTeX.

See the LaTeX manual or LaTeX Companion for explanation.
Type  H <return>  for immediate help.
 ...                                              
                                                  
l.2 –í –¥–∞–Ω–Ω–æ
                 –º —Ä–∞–∑–¥–µ–ª–µ –±—É–¥—É—Ç –ø—Ä–µ–¥—Å—Ç–∞–≤–ª–µ–Ω—ã —Å—Ö–...

You may provide a definition with
\DeclareUnicodeCharacter 


! LaTeX Error: Unicode character –º (U+043C)
               not set up for use with LaTeX.

See the LaTeX manual or LaTeX Companion for explanation.
Type  H <return>  for immediate help.
 ...                                              
                                                  
l.2 –í –¥–∞–Ω–Ω–æ–º
                    —Ä–∞–∑–¥–µ–ª–µ –±—É–¥—É—Ç –ø—Ä–µ–¥—Å—Ç–∞–≤–ª–µ–Ω—ã —Å—Ö–...

You may provide a definition with
\DeclareUnicodeCharacter 


! LaTeX Error: Unicode character —Ä (U+0440)
               not set up for use with LaTeX.

See the LaTeX manual or LaTeX Companion for explanation.
Type  H <return>  for immediate help.
 ...                                              
                                                  
l.2 –í –¥–∞–Ω–Ω–æ–º —Ä
                      –∞–∑–¥–µ–ª–µ –±—É–¥—É—Ç –ø—Ä–µ–¥—Å—Ç–∞–≤–ª–µ–Ω—ã —Å—Ö–...

You may provide a definition with
\DeclareUnicodeCharacter 


! LaTeX Error: Unicode character –∞ (U+0430)
               not set up for use with LaTeX.

See the LaTeX manual or LaTeX Companion for explanation.
Type  H <return>  for immediate help.
 ...                                              
                                                  
l.2 –í –¥–∞–Ω–Ω–æ–º —Ä–∞
                        –∑–¥–µ–ª–µ –±—É–¥—É—Ç –ø—Ä–µ–¥—Å—Ç–∞–≤–ª–µ–Ω—ã —Å—Ö–...

You may provide a definition with
\DeclareUnicodeCharacter 


! LaTeX Error: Unicode character –∑ (U+0437)
               not set up for use with LaTeX.

See the LaTeX manual or LaTeX Companion for explanation.
Type  H <return>  for immediate help.
 ...                                              
                                                  
l.2 –í –¥–∞–Ω–Ω–æ–º —Ä–∞–∑
                          –¥–µ–ª–µ –±—É–¥—É—Ç –ø—Ä–µ–¥—Å—Ç–∞–≤–ª–µ–Ω—ã —Å—Ö–...

You may provide a definition with
\DeclareUnicodeCharacter 


! LaTeX Error: Unicode character –¥ (U+0434)
               not set up for use with LaTeX.

See the LaTeX manual or LaTeX Companion for explanation.
Type  H <return>  for immediate help.
 ...                                              
                                                  
l.2 –í –¥–∞–Ω–Ω–æ–º —Ä–∞–∑–¥
                            –µ–ª–µ –±—É–¥—É—Ç –ø—Ä–µ–¥—Å—Ç–∞–≤–ª–µ–Ω—ã —Å—Ö–...

You may provide a definition with
\DeclareUnicodeCharacter 


! LaTeX Error: Unicode character –µ (U+0435)
               not set up for use with LaTeX.

See the LaTeX manual or LaTeX Companion for explanation.
Type  H <return>  for immediate help.
 ...                                              
                                                  
l.2 –í –¥–∞–Ω–Ω–æ–º —Ä–∞–∑–¥–µ
                              –ª–µ –±—É–¥—É—Ç –ø—Ä–µ–¥—Å—Ç–∞–≤–ª–µ–Ω—ã —Å—Ö–...

You may provide a definition with
\DeclareUnicodeCharacter 


! LaTeX Error: Unicode character –ª (U+043B)
               not set up for use with LaTeX.

See the LaTeX manual or LaTeX Companion for explanation.
Type  H <return>  for immediate help.
 ...                                              
                                                  
l.2 –í –¥–∞–Ω–Ω–æ–º —Ä–∞–∑–¥–µ–ª
                                –µ –±—É–¥—É—Ç –ø—Ä–µ–¥—Å—Ç–∞–≤–ª–µ–Ω—ã —Å—Ö–...

You may provide a definition with
\DeclareUnicodeCharacter 


! LaTeX Error: Unicode character –µ (U+0435)
               not set up for use with LaTeX.

See the LaTeX manual or LaTeX Companion for explanation.
Type  H <return>  for immediate help.
 ...                                              
                                                  
l.2 –í –¥–∞–Ω–Ω–æ–º —Ä–∞–∑–¥–µ–ª–µ
                                   –±—É–¥—É—Ç –ø—Ä–µ–¥—Å—Ç–∞–≤–ª–µ–Ω—ã —Å—Ö–...

You may provide a definition with
\DeclareUnicodeCharacter 


! LaTeX Error: Unicode character –± (U+0431)
               not set up for use with LaTeX.

See the LaTeX manual or LaTeX Companion for explanation.
Type  H <return>  for immediate help.
 ...                                              
                                                  
l.2 –í –¥–∞–Ω–Ω–æ–º —Ä–∞–∑–¥–µ–ª–µ –±
                                     —É–¥—É—Ç –ø—Ä–µ–¥—Å—Ç–∞–≤–ª–µ–Ω—ã —Å—Ö–...

You may provide a definition with
\DeclareUnicodeCharacter 


! LaTeX Error: Unicode character —É (U+0443)
               not set up for use with LaTeX.

See the LaTeX manual or LaTeX Companion for explanation.
Type  H <return>  for immediate help.
 ...                                              
                                                  
l.2 –í –¥–∞–Ω–Ω–æ–º —Ä–∞–∑–¥–µ–ª–µ –±—É
                                       –¥—É—Ç –ø—Ä–µ–¥—Å—Ç–∞–≤–ª–µ–Ω—ã —Å—Ö–...

You may provide a definition with
\DeclareUnicodeCharacter 


! LaTeX Error: Unicode character –¥ (U+0434)
               not set up for use with LaTeX.

See the LaTeX manual or LaTeX Companion for explanation.
Type  H <return>  for immediate help.
 ...                                              
                                                  
l.2 –í –¥–∞–Ω–Ω–æ–º —Ä–∞–∑–¥–µ–ª–µ –±—É–¥
                                         —É—Ç –ø—Ä–µ–¥—Å—Ç–∞–≤–ª–µ–Ω—ã —Å—Ö–...

You may provide a definition with
\DeclareUnicodeCharacter 


! LaTeX Error: Unicode character —É (U+0443)
               not set up for use with LaTeX.

See the LaTeX manual or LaTeX Companion for explanation.
Type  H <return>  for immediate help.
 ...                                              
                                                  
l.2 –í –¥–∞–Ω–Ω–æ–º —Ä–∞–∑–¥–µ–ª–µ –±—É–¥—É
                                           —Ç –ø—Ä–µ–¥—Å—Ç–∞–≤–ª–µ–Ω—ã —Å—Ö–...

You may provide a definition with
\DeclareUnicodeCharacter 


! LaTeX Error: Unicode character —Ç (U+0442)
               not set up for use with LaTeX.

See the LaTeX manual or LaTeX Companion for explanation.
Type  H <return>  for immediate help.
 ...                                              
                                                  
l.2 –í –¥–∞–Ω–Ω–æ–º —Ä–∞–∑–¥–µ–ª–µ –±—É–¥—É—Ç
                                              –ø—Ä–µ–¥—Å—Ç–∞–≤–ª–µ–Ω—ã —Å—Ö–...

You may provide a definition with
\DeclareUnicodeCharacter 


! LaTeX Error: Unicode character –ø (U+043F)
               not set up for use with LaTeX.

See the LaTeX manual or LaTeX Companion for explanation.
Type  H <return>  for immediate help.
 ...                                              
                                                  
l.2 –í –¥–∞–Ω–Ω–æ–º —Ä–∞–∑–¥–µ–ª–µ –±—É–¥—É—Ç –ø
                                                —Ä–µ–¥—Å—Ç–∞–≤–ª–µ–Ω—ã —Å—Ö–...

You may provide a definition with
\DeclareUnicodeCharacter 


! LaTeX Error: Unicode character —Ä (U+0440)
               not set up for use with LaTeX.

See the LaTeX manual or LaTeX Companion for explanation.
Type  H <return>  for immediate help.
 ...                                              
                                                  
l.2 –í –¥–∞–Ω–Ω–æ–º —Ä–∞–∑–¥–µ–ª–µ –±—É–¥—É—Ç –ø—Ä
                                                  –µ–¥—Å—Ç–∞–≤–ª–µ–Ω—ã —Å—Ö–...

You may provide a definition with
\DeclareUnicodeCharacter 


! LaTeX Error: Unicode character –µ (U+0435)
               not set up for use with LaTeX.

See the LaTeX manual or LaTeX Companion for explanation.
Type  H <return>  for immediate help.
 ...                                              
                                                  
l.2 ...–∞–Ω–Ω–æ–º —Ä–∞–∑–¥–µ–ª–µ –±—É–¥—É—Ç –ø—Ä–µ
                                                  –¥—Å—Ç–∞–≤–ª–µ–Ω—ã —Å—Ö–µ–...

You may provide a definition with
\DeclareUnicodeCharacter 


! LaTeX Error: Unicode character –¥ (U+0434)
               not set up for use with LaTeX.

See the LaTeX manual or LaTeX Companion for explanation.
Type  H <return>  for immediate help.
 ...                                              
                                                  
l.2 ...–Ω–Ω–æ–º —Ä–∞–∑–¥–µ–ª–µ –±—É–¥—É—Ç –ø—Ä–µ–¥
                                                  —Å—Ç–∞–≤–ª–µ–Ω—ã —Å—Ö–µ–º—...

You may provide a definition with
\DeclareUnicodeCharacter 


! LaTeX Error: Unicode character —Å (U+0441)
               not set up for use with LaTeX.

See the LaTeX manual or LaTeX Companion for explanation.
Type  H <return>  for immediate help.
 ...                                              
                                                  
l.2 ...–Ω–æ–º —Ä–∞–∑–¥–µ–ª–µ –±—É–¥—É—Ç –ø—Ä–µ–¥—Å
                                                  —Ç–∞–≤–ª–µ–Ω—ã —Å—Ö–µ–º—ã ...

You may provide a definition with
\DeclareUnicodeCharacter 


! LaTeX Error: Unicode character —Ç (U+0442)
               not set up for use with LaTeX.

See the LaTeX manual or LaTeX Companion for explanation.
Type  H <return>  for immediate help.
 ...                                              
                                                  
l.2 ...–æ–º —Ä–∞–∑–¥–µ–ª–µ –±—É–¥—É—Ç –ø—Ä–µ–¥—Å—Ç
                                                  –∞–≤–ª–µ–Ω—ã —Å—Ö–µ–º—ã –∞...

You may provide a definition with
\DeclareUnicodeCharacter 


! LaTeX Error: Unicode character –∞ (U+0430)
               not set up for use with LaTeX.

See the LaTeX manual or LaTeX Companion for explanation.
Type  H <return>  for immediate help.
 ...                                              
                                                  
l.2 ...–º —Ä–∞–∑–¥–µ–ª–µ –±—É–¥—É—Ç –ø—Ä–µ–¥—Å—Ç–∞
                                                  –≤–ª–µ–Ω—ã —Å—Ö–µ–º—ã –∞–ª...

You may provide a definition with
\DeclareUnicodeCharacter 


! LaTeX Error: Unicode character –≤ (U+0432)
               not set up for use with LaTeX.

See the LaTeX manual or LaTeX Companion for explanation.
Type  H <return>  for immediate help.
 ...                                              
                                                  
l.2 ... —Ä–∞–∑–¥–µ–ª–µ –±—É–¥—É—Ç –ø—Ä–µ–¥—Å—Ç–∞–≤
                                                  –ª–µ–Ω—ã —Å—Ö–µ–º—ã –∞–ª–≥...

You may provide a definition with
\DeclareUnicodeCharacter 


! LaTeX Error: Unicode character –ª (U+043B)
               not set up for use with LaTeX.

See the LaTeX manual or LaTeX Companion for explanation.
Type  H <return>  for immediate help.
 ...                                              
                                                  
l.2 ...Ä–∞–∑–¥–µ–ª–µ –±—É–¥—É—Ç –ø—Ä–µ–¥—Å—Ç–∞–≤–ª
                                                  –µ–Ω—ã —Å—Ö–µ–º—ã –∞–ª–≥–æ...

You may provide a definition with
\DeclareUnicodeCharacter 


! LaTeX Error: Unicode character –µ (U+0435)
               not set up for use with LaTeX.

See the LaTeX manual or LaTeX Companion for explanation.
Type  H <return>  for immediate help.
 ...                                              
                                                  
l.2 ...∞–∑–¥–µ–ª–µ –±—É–¥—É—Ç –ø—Ä–µ–¥—Å—Ç–∞–≤–ª–µ
                                                  –Ω—ã —Å—Ö–µ–º—ã –∞–ª–≥–æ—Ä...

You may provide a definition with
\DeclareUnicodeCharacter 


! LaTeX Error: Unicode character –Ω (U+043D)
               not set up for use with LaTeX.

See the LaTeX manual or LaTeX Companion for explanation.
Type  H <return>  for immediate help.
 ...                                              
                                                  
l.2 ...∑–¥–µ–ª–µ –±—É–¥—É—Ç –ø—Ä–µ–¥—Å—Ç–∞–≤–ª–µ–Ω
                                                  —ã —Å—Ö–µ–º—ã –∞–ª–≥–æ—Ä–∏...

You may provide a definition with
\DeclareUnicodeCharacter 


! LaTeX Error: Unicode character —ã (U+044B)
               not set up for use with LaTeX.

See the LaTeX manual or LaTeX Companion for explanation.
Type  H <return>  for immediate help.
 ...                                              
                                                  
l.2 ...¥–µ–ª–µ –±—É–¥—É—Ç –ø—Ä–µ–¥—Å—Ç–∞–≤–ª–µ–Ω—ã
                                                   —Å—Ö–µ–º—ã –∞–ª–≥–æ—Ä–∏—Ç...

You may provide a definition with
\DeclareUnicodeCharacter 


! LaTeX Error: Unicode character —Å (U+0441)
               not set up for use with LaTeX.

See the LaTeX manual or LaTeX Companion for explanation.
Type  H <return>  for immediate help.
 ...                                              
                                                  
l.2 ...–ª–µ –±—É–¥—É—Ç –ø—Ä–µ–¥—Å—Ç–∞–≤–ª–µ–Ω—ã —Å
                                                  —Ö–µ–º—ã –∞–ª–≥–æ—Ä–∏—Ç–º–...

You may provide a definition with
\DeclareUnicodeCharacter 


! LaTeX Error: Unicode character —Ö (U+0445)
               not set up for use with LaTeX.

See the LaTeX manual or LaTeX Companion for explanation.
Type  H <return>  for immediate help.
 ...                                              
                                                  
l.2 ...–µ –±—É–¥—É—Ç –ø—Ä–µ–¥—Å—Ç–∞–≤–ª–µ–Ω—ã —Å—Ö
                                                  –µ–º—ã –∞–ª–≥–æ—Ä–∏—Ç–º–æ–...

You may provide a definition with
\DeclareUnicodeCharacter 


! LaTeX Error: Unicode character –µ (U+0435)
               not set up for use with LaTeX.

See the LaTeX manual or LaTeX Companion for explanation.
Type  H <return>  for immediate help.
 ...                                              
                                                  
l.2 ... –±—É–¥—É—Ç –ø—Ä–µ–¥—Å—Ç–∞–≤–ª–µ–Ω—ã —Å—Ö–µ
                                                  –º—ã –∞–ª–≥–æ—Ä–∏—Ç–º–æ–≤ ...

You may provide a definition with
\DeclareUnicodeCharacter 


! LaTeX Error: Unicode character –º (U+043C)
               not set up for use with LaTeX.

See the LaTeX manual or LaTeX Companion for explanation.
Type  H <return>  for immediate help.
 ...                                              
                                                  
l.2 ...±—É–¥—É—Ç –ø—Ä–µ–¥—Å—Ç–∞–≤–ª–µ–Ω—ã —Å—Ö–µ–º
                                                  —ã –∞–ª–≥–æ—Ä–∏—Ç–º–æ–≤ –ø...

You may provide a definition with
\DeclareUnicodeCharacter 


! LaTeX Error: Unicode character —ã (U+044B)
               not set up for use with LaTeX.

See the LaTeX manual or LaTeX Companion for explanation.
Type  H <return>  for immediate help.
 ...                                              
                                                  
l.2 ...É–¥—É—Ç –ø—Ä–µ–¥—Å—Ç–∞–≤–ª–µ–Ω—ã —Å—Ö–µ–º—ã
                                                   –∞–ª–≥–æ—Ä–∏—Ç–º–æ–≤ –ø–æ...

You may provide a definition with
\DeclareUnicodeCharacter 


! LaTeX Error: Unicode character –∞ (U+0430)
               not set up for use with LaTeX.

See the LaTeX manual or LaTeX Companion for explanation.
Type  H <return>  for immediate help.
 ...                                              
                                                  
l.2 ...—É—Ç –ø—Ä–µ–¥—Å—Ç–∞–≤–ª–µ–Ω—ã —Å—Ö–µ–º—ã –∞
                                                  –ª–≥–æ—Ä–∏—Ç–º–æ–≤ –ø–æ–∏—...

You may provide a definition with
\DeclareUnicodeCharacter 


! LaTeX Error: Unicode character –ª (U+043B)
               not set up for use with LaTeX.

See the LaTeX manual or LaTeX Companion for explanation.
Type  H <return>  for immediate help.
 ...                                              
                                                  
l.2 ...—Ç –ø—Ä–µ–¥—Å—Ç–∞–≤–ª–µ–Ω—ã —Å—Ö–µ–º—ã –∞–ª
                                                  –≥–æ—Ä–∏—Ç–º–æ–≤ –ø–æ–∏—Å–...

You may provide a definition with
\DeclareUnicodeCharacter 


! LaTeX Error: Unicode character –≥ (U+0433)
               not set up for use with LaTeX.

See the LaTeX manual or LaTeX Companion for explanation.
Type  H <return>  for immediate help.
 ...                                              
                                                  
l.2 ... –ø—Ä–µ–¥—Å—Ç–∞–≤–ª–µ–Ω—ã —Å—Ö–µ–º—ã –∞–ª–≥
                                                  –æ—Ä–∏—Ç–º–æ–≤ –ø–æ–∏—Å–∫–...

You may provide a definition with
\DeclareUnicodeCharacter 


! LaTeX Error: Unicode character –æ (U+043E)
               not set up for use with LaTeX.

See the LaTeX manual or LaTeX Companion for explanation.
Type  H <return>  for immediate help.
 ...                                              
                                                  
l.2 ...ø—Ä–µ–¥—Å—Ç–∞–≤–ª–µ–Ω—ã —Å—Ö–µ–º—ã –∞–ª–≥–æ
                                                  —Ä–∏—Ç–º–æ–≤ –ø–æ–∏—Å–∫–∞ ...

You may provide a definition with
\DeclareUnicodeCharacter 


! LaTeX Error: Unicode character —Ä (U+0440)
               not set up for use with LaTeX.

See the LaTeX manual or LaTeX Companion for explanation.
Type  H <return>  for immediate help.
 ...                                              
                                                  
l.2 ...Ä–µ–¥—Å—Ç–∞–≤–ª–µ–Ω—ã —Å—Ö–µ–º—ã –∞–ª–≥–æ—Ä
                                                  –∏—Ç–º–æ–≤ –ø–æ–∏—Å–∫–∞ —Ä...

You may provide a definition with
\DeclareUnicodeCharacter 


! LaTeX Error: Unicode character –∏ (U+0438)
               not set up for use with LaTeX.

See the LaTeX manual or LaTeX Companion for explanation.
Type  H <return>  for immediate help.
 ...                                              
                                                  
l.2 ...µ–¥—Å—Ç–∞–≤–ª–µ–Ω—ã —Å—Ö–µ–º—ã –∞–ª–≥–æ—Ä–∏
                                                  —Ç–º–æ–≤ –ø–æ–∏—Å–∫–∞ —Ä–∞...

You may provide a definition with
\DeclareUnicodeCharacter 


! LaTeX Error: Unicode character —Ç (U+0442)
               not set up for use with LaTeX.

See the LaTeX manual or LaTeX Companion for explanation.
Type  H <return>  for immediate help.
 ...                                              
                                                  
l.2 ...¥—Å—Ç–∞–≤–ª–µ–Ω—ã —Å—Ö–µ–º—ã –∞–ª–≥–æ—Ä–∏—Ç
                                                  –º–æ–≤ –ø–æ–∏—Å–∫–∞ —Ä–∞—Å...

You may provide a definition with
\DeclareUnicodeCharacter 


! LaTeX Error: Unicode character –º (U+043C)
               not set up for use with LaTeX.

See the LaTeX manual or LaTeX Companion for explanation.
Type  H <return>  for immediate help.
 ...                                              
                                                  
l.2 ...Å—Ç–∞–≤–ª–µ–Ω—ã —Å—Ö–µ–º—ã –∞–ª–≥–æ—Ä–∏—Ç–º
                                                  –æ–≤ –ø–æ–∏—Å–∫–∞ —Ä–∞—Å—Å...

You may provide a definition with
\DeclareUnicodeCharacter 


! LaTeX Error: Unicode character –æ (U+043E)
               not set up for use with LaTeX.

See the LaTeX manual or LaTeX Companion for explanation.
Type  H <return>  for immediate help.
 ...                                              
                                                  
l.2 ...Ç–∞–≤–ª–µ–Ω—ã —Å—Ö–µ–º—ã –∞–ª–≥–æ—Ä–∏—Ç–º–æ
                                                  –≤ –ø–æ–∏—Å–∫–∞ —Ä–∞—Å—Å—Ç...

You may provide a definition with
\DeclareUnicodeCharacter 


! LaTeX Error: Unicode character –≤ (U+0432)
               not set up for use with LaTeX.

See the LaTeX manual or LaTeX Companion for explanation.
Type  H <return>  for immediate help.
 ...                                              
                                                  
l.2 ...∞–≤–ª–µ–Ω—ã —Å—Ö–µ–º—ã –∞–ª–≥–æ—Ä–∏—Ç–º–æ–≤
                                                   –ø–æ–∏—Å–∫–∞ —Ä–∞—Å—Å—Ç–æ...

You may provide a definition with
\DeclareUnicodeCharacter 


! LaTeX Error: Unicode character –ø (U+043F)
               not set up for use with LaTeX.

See the LaTeX manual or LaTeX Companion for explanation.
Type  H <return>  for immediate help.
 ...                                              
                                                  
l.2 ...–ª–µ–Ω—ã —Å—Ö–µ–º—ã –∞–ª–≥–æ—Ä–∏—Ç–º–æ–≤ –ø
                                                  –æ–∏—Å–∫–∞ —Ä–∞—Å—Å—Ç–æ—è–...

You may provide a definition with
\DeclareUnicodeCharacter 


! LaTeX Error: Unicode character –æ (U+043E)
               not set up for use with LaTeX.

See the LaTeX manual or LaTeX Companion for explanation.
Type  H <return>  for immediate help.
 ...                                              
                                                  
l.2 ...–µ–Ω—ã —Å—Ö–µ–º—ã –∞–ª–≥–æ—Ä–∏—Ç–º–æ–≤ –ø–æ
                                                  –∏—Å–∫–∞ —Ä–∞—Å—Å—Ç–æ—è–Ω–...

You may provide a definition with
\DeclareUnicodeCharacter 


! LaTeX Error: Unicode character –∏ (U+0438)
               not set up for use with LaTeX.

See the LaTeX manual or LaTeX Companion for explanation.
Type  H <return>  for immediate help.
 ...                                              
                                                  
l.2 ...–Ω—ã —Å—Ö–µ–º—ã –∞–ª–≥–æ—Ä–∏—Ç–º–æ–≤ –ø–æ–∏
                                                  —Å–∫–∞ —Ä–∞—Å—Å—Ç–æ—è–Ω–∏–...

You may provide a definition with
\DeclareUnicodeCharacter 


! LaTeX Error: Unicode character —Å (U+0441)
               not set up for use with LaTeX.

See the LaTeX manual or LaTeX Companion for explanation.
Type  H <return>  for immediate help.
 ...                                              
                                                  
l.2 ...—ã —Å—Ö–µ–º—ã –∞–ª–≥–æ—Ä–∏—Ç–º–æ–≤ –ø–æ–∏—Å
                                                  –∫–∞ —Ä–∞—Å—Å—Ç–æ—è–Ω–∏–π ...

You may provide a definition with
\DeclareUnicodeCharacter 


! LaTeX Error: Unicode character –∫ (U+043A)
               not set up for use with LaTeX.

See the LaTeX manual or LaTeX Companion for explanation.
Type  H <return>  for immediate help.
 ...                                              
                                                  
l.2 ... —Å—Ö–µ–º—ã –∞–ª–≥–æ—Ä–∏—Ç–º–æ–≤ –ø–æ–∏—Å–∫
                                                  –∞ —Ä–∞—Å—Å—Ç–æ—è–Ω–∏–π –õ...

You may provide a definition with
\DeclareUnicodeCharacter 


! LaTeX Error: Unicode character –∞ (U+0430)
               not set up for use with LaTeX.

See the LaTeX manual or LaTeX Companion for explanation.
Type  H <return>  for immediate help.
 ...                                              
                                                  
l.2 ...Å—Ö–µ–º—ã –∞–ª–≥–æ—Ä–∏—Ç–º–æ–≤ –ø–æ–∏—Å–∫–∞
                                                   —Ä–∞—Å—Å—Ç–æ—è–Ω–∏–π –õ–µ...

You may provide a definition with
\DeclareUnicodeCharacter 


! LaTeX Error: Unicode character —Ä (U+0440)
               not set up for use with LaTeX.

See the LaTeX manual or LaTeX Companion for explanation.
Type  H <return>  for immediate help.
 ...                                              
                                                  
l.2 ...–µ–º—ã –∞–ª–≥–æ—Ä–∏—Ç–º–æ–≤ –ø–æ–∏—Å–∫–∞ —Ä
                                                  –∞—Å—Å—Ç–æ—è–Ω–∏–π –õ–µ–≤–...

You may provide a definition with
\DeclareUnicodeCharacter 


! LaTeX Error: Unicode character –∞ (U+0430)
               not set up for use with LaTeX.

See the LaTeX manual or LaTeX Companion for explanation.
Type  H <return>  for immediate help.
 ...                                              
                                                  
l.2 ...–º—ã –∞–ª–≥–æ—Ä–∏—Ç–º–æ–≤ –ø–æ–∏—Å–∫–∞ —Ä–∞
                                                  —Å—Å—Ç–æ—è–Ω–∏–π –õ–µ–≤–µ–...

You may provide a definition with
\DeclareUnicodeCharacter 


! LaTeX Error: Unicode character —Å (U+0441)
               not set up for use with LaTeX.

See the LaTeX manual or LaTeX Companion for explanation.
Type  H <return>  for immediate help.
 ...                                              
                                                  
l.2 ...—ã –∞–ª–≥–æ—Ä–∏—Ç–º–æ–≤ –ø–æ–∏—Å–∫–∞ —Ä–∞—Å
                                                  —Å—Ç–æ—è–Ω–∏–π –õ–µ–≤–µ–Ω—...

You may provide a definition with
\DeclareUnicodeCharacter 


! LaTeX Error: Unicode character —Å (U+0441)
               not set up for use with LaTeX.

See the LaTeX manual or LaTeX Companion for explanation.
Type  H <return>  for immediate help.
 ...                                              
                                                  
l.2 ... –∞–ª–≥–æ—Ä–∏—Ç–º–æ–≤ –ø–æ–∏—Å–∫–∞ —Ä–∞—Å—Å
                                                  —Ç–æ—è–Ω–∏–π –õ–µ–≤–µ–Ω—à—...

You may provide a definition with
\DeclareUnicodeCharacter 


! LaTeX Error: Unicode character —Ç (U+0442)
               not set up for use with LaTeX.

See the LaTeX manual or LaTeX Companion for explanation.
Type  H <return>  for immediate help.
 ...                                              
                                                  
l.2 ...∞–ª–≥–æ—Ä–∏—Ç–º–æ–≤ –ø–æ–∏—Å–∫–∞ —Ä–∞—Å—Å—Ç
                                                  –æ—è–Ω–∏–π –õ–µ–≤–µ–Ω—à—Ç–...

You may provide a definition with
\DeclareUnicodeCharacter 


! LaTeX Error: Unicode character –æ (U+043E)
               not set up for use with LaTeX.

See the LaTeX manual or LaTeX Companion for explanation.
Type  H <return>  for immediate help.
 ...                                              
                                                  
l.2 ...ª–≥–æ—Ä–∏—Ç–º–æ–≤ –ø–æ–∏—Å–∫–∞ —Ä–∞—Å—Å—Ç–æ
                                                  —è–Ω–∏–π –õ–µ–≤–µ–Ω—à—Ç–µ–...

You may provide a definition with
\DeclareUnicodeCharacter 


! LaTeX Error: Unicode character —è (U+044F)
               not set up for use with LaTeX.

See the LaTeX manual or LaTeX Companion for explanation.
Type  H <return>  for immediate help.
 ...                                              
                                                  
l.2 ...≥–æ—Ä–∏—Ç–º–æ–≤ –ø–æ–∏—Å–∫–∞ —Ä–∞—Å—Å—Ç–æ—è
                                                  –Ω–∏–π –õ–µ–≤–µ–Ω—à—Ç–µ–π–...

You may provide a definition with
\DeclareUnicodeCharacter 


! LaTeX Error: Unicode character –Ω (U+043D)
               not set up for use with LaTeX.

See the LaTeX manual or LaTeX Companion for explanation.
Type  H <return>  for immediate help.
 ...                                              
                                                  
l.2 ...æ—Ä–∏—Ç–º–æ–≤ –ø–æ–∏—Å–∫–∞ —Ä–∞—Å—Å—Ç–æ—è–Ω
                                                  –∏–π –õ–µ–≤–µ–Ω—à—Ç–µ–π–Ω–...

You may provide a definition with
\DeclareUnicodeCharacter 


! LaTeX Error: Unicode character –∏ (U+0438)
               not set up for use with LaTeX.

See the LaTeX manual or LaTeX Companion for explanation.
Type  H <return>  for immediate help.
 ...                                              
                                                  
l.2 ...Ä–∏—Ç–º–æ–≤ –ø–æ–∏—Å–∫–∞ —Ä–∞—Å—Å—Ç–æ—è–Ω–∏
                                                  –π –õ–µ–≤–µ–Ω—à—Ç–µ–π–Ω–∞ ...

You may provide a definition with
\DeclareUnicodeCharacter 


! LaTeX Error: Unicode character –π (U+0439)
               not set up for use with LaTeX.

See the LaTeX manual or LaTeX Companion for explanation.
Type  H <return>  for immediate help.
 ...                                              
                                                  
l.2 ...∏—Ç–º–æ–≤ –ø–æ–∏—Å–∫–∞ —Ä–∞—Å—Å—Ç–æ—è–Ω–∏–π
                                                   –õ–µ–≤–µ–Ω—à—Ç–µ–π–Ω–∞ –∏...

You may provide a definition with
\DeclareUnicodeCharacter 


! LaTeX Error: Unicode character –õ (U+041B)
               not set up for use with LaTeX.

See the LaTeX manual or LaTeX Companion for explanation.
Type  H <return>  for immediate help.
 ...                                              
                                                  
l.2 ...–º–æ–≤ –ø–æ–∏—Å–∫–∞ —Ä–∞—Å—Å—Ç–æ—è–Ω–∏–π –õ
                                                  –µ–≤–µ–Ω—à—Ç–µ–π–Ω–∞ –∏ –î...

You may provide a definition with
\DeclareUnicodeCharacter 


! LaTeX Error: Unicode character –µ (U+0435)
               not set up for use with LaTeX.

See the LaTeX manual or LaTeX Companion for explanation.
Type  H <return>  for immediate help.
 ...                                              
                                                  
l.2 ...–æ–≤ –ø–æ–∏—Å–∫–∞ —Ä–∞—Å—Å—Ç–æ—è–Ω–∏–π –õ–µ
                                                  –≤–µ–Ω—à—Ç–µ–π–Ω–∞ –∏ –î–∞...

You may provide a definition with
\DeclareUnicodeCharacter 


! LaTeX Error: Unicode character –≤ (U+0432)
               not set up for use with LaTeX.

See the LaTeX manual or LaTeX Companion for explanation.
Type  H <return>  for immediate help.
 ...                                              
                                                  
l.2 ...–≤ –ø–æ–∏—Å–∫–∞ —Ä–∞—Å—Å—Ç–æ—è–Ω–∏–π –õ–µ–≤
                                                  –µ–Ω—à—Ç–µ–π–Ω–∞ –∏ –î–∞–º...

You may provide a definition with
\DeclareUnicodeCharacter 


! LaTeX Error: Unicode character –µ (U+0435)
               not set up for use with LaTeX.

See the LaTeX manual or LaTeX Companion for explanation.
Type  H <return>  for immediate help.
 ...                                              
                                                  
l.2 ... –ø–æ–∏—Å–∫–∞ —Ä–∞—Å—Å—Ç–æ—è–Ω–∏–π –õ–µ–≤–µ
                                                  –Ω—à—Ç–µ–π–Ω–∞ –∏ –î–∞–º–µ...

You may provide a definition with
\DeclareUnicodeCharacter 


! LaTeX Error: Unicode character –Ω (U+043D)
               not set up for use with LaTeX.

See the LaTeX manual or LaTeX Companion for explanation.
Type  H <return>  for immediate help.
 ...                                              
                                                  
l.2 ...ø–æ–∏—Å–∫–∞ —Ä–∞—Å—Å—Ç–æ—è–Ω–∏–π –õ–µ–≤–µ–Ω
                                                  —à—Ç–µ–π–Ω–∞ –∏ –î–∞–º–µ—Ä...

You may provide a definition with
\DeclareUnicodeCharacter 


! LaTeX Error: Unicode character —à (U+0448)
               not set up for use with LaTeX.

See the LaTeX manual or LaTeX Companion for explanation.
Type  H <return>  for immediate help.
 ...                                              
                                                  
l.2 ...æ–∏—Å–∫–∞ —Ä–∞—Å—Å—Ç–æ—è–Ω–∏–π –õ–µ–≤–µ–Ω—à
                                                  —Ç–µ–π–Ω–∞ –∏ –î–∞–º–µ—Ä–∞...

You may provide a definition with
\DeclareUnicodeCharacter 


! LaTeX Error: Unicode character —Ç (U+0442)
               not set up for use with LaTeX.

See the LaTeX manual or LaTeX Companion for explanation.
Type  H <return>  for immediate help.
 ...                                              
                                                  
l.2 ...∏—Å–∫–∞ —Ä–∞—Å—Å—Ç–æ—è–Ω–∏–π –õ–µ–≤–µ–Ω—à—Ç
                                                  –µ–π–Ω–∞ –∏ –î–∞–º–µ—Ä–∞—É...

You may provide a definition with
\DeclareUnicodeCharacter 


! LaTeX Error: Unicode character –µ (U+0435)
               not set up for use with LaTeX.

See the LaTeX manual or LaTeX Companion for explanation.
Type  H <return>  for immediate help.
 ...                                              
                                                  
l.2 ...Å–∫–∞ —Ä–∞—Å—Å—Ç–æ—è–Ω–∏–π –õ–µ–≤–µ–Ω—à—Ç–µ
                                                  –π–Ω–∞ –∏ –î–∞–º–µ—Ä–∞—É-–...

You may provide a definition with
\DeclareUnicodeCharacter 


! LaTeX Error: Unicode character –π (U+0439)
               not set up for use with LaTeX.

See the LaTeX manual or LaTeX Companion for explanation.
Type  H <return>  for immediate help.
 ...                                              
                                                  
l.2 ...∫–∞ —Ä–∞—Å—Å—Ç–æ—è–Ω–∏–π –õ–µ–≤–µ–Ω—à—Ç–µ–π
                                                  –Ω–∞ –∏ –î–∞–º–µ—Ä–∞—É-–õ–...

You may provide a definition with
\DeclareUnicodeCharacter 


! LaTeX Error: Unicode character –Ω (U+043D)
               not set up for use with LaTeX.

See the LaTeX manual or LaTeX Companion for explanation.
Type  H <return>  for immediate help.
 ...                                              
                                                  
l.2 ...∞ —Ä–∞—Å—Å—Ç–æ—è–Ω–∏–π –õ–µ–≤–µ–Ω—à—Ç–µ–π–Ω
                                                  –∞ –∏ –î–∞–º–µ—Ä–∞—É-–õ–µ–...

You may provide a definition with
\DeclareUnicodeCharacter 


! LaTeX Error: Unicode character –∞ (U+0430)
               not set up for use with LaTeX.

See the LaTeX manual or LaTeX Companion for explanation.
Type  H <return>  for immediate help.
 ...                                              
                                                  
l.2 ...—Ä–∞—Å—Å—Ç–æ—è–Ω–∏–π –õ–µ–≤–µ–Ω—à—Ç–µ–π–Ω–∞
                                                   –∏ –î–∞–º–µ—Ä–∞—É-–õ–µ–≤–...

You may provide a definition with
\DeclareUnicodeCharacter 


! LaTeX Error: Unicode character –∏ (U+0438)
               not set up for use with LaTeX.

See the LaTeX manual or LaTeX Companion for explanation.
Type  H <return>  for immediate help.
 ...                                              
                                                  
l.2 ...∞—Å—Å—Ç–æ—è–Ω–∏–π –õ–µ–≤–µ–Ω—à—Ç–µ–π–Ω–∞ –∏
                                                   –î–∞–º–µ—Ä–∞—É-–õ–µ–≤–µ–Ω...

You may provide a definition with
\DeclareUnicodeCharacter 


! LaTeX Error: Unicode character –î (U+0414)
               not set up for use with LaTeX.

See the LaTeX manual or LaTeX Companion for explanation.
Type  H <return>  for immediate help.
 ...                                              
                                                  
l.2 ...—Å—Ç–æ—è–Ω–∏–π –õ–µ–≤–µ–Ω—à—Ç–µ–π–Ω–∞ –∏ –î
                                                  –∞–º–µ—Ä–∞—É-–õ–µ–≤–µ–Ω—à—...

You may provide a definition with
\DeclareUnicodeCharacter 


! LaTeX Error: Unicode character –∞ (U+0430)
               not set up for use with LaTeX.

See the LaTeX manual or LaTeX Companion for explanation.
Type  H <return>  for immediate help.
 ...                                              
                                                  
l.2 ...—Ç–æ—è–Ω–∏–π –õ–µ–≤–µ–Ω—à—Ç–µ–π–Ω–∞ –∏ –î–∞
                                                  –º–µ—Ä–∞—É-–õ–µ–≤–µ–Ω—à—Ç–...

You may provide a definition with
\DeclareUnicodeCharacter 


! LaTeX Error: Unicode character –º (U+043C)
               not set up for use with LaTeX.

See the LaTeX manual or LaTeX Companion for explanation.
Type  H <return>  for immediate help.
 ...                                              
                                                  
l.2 ...–æ—è–Ω–∏–π –õ–µ–≤–µ–Ω—à—Ç–µ–π–Ω–∞ –∏ –î–∞–º
                                                  –µ—Ä–∞—É-–õ–µ–≤–µ–Ω—à—Ç–µ–...

You may provide a definition with
\DeclareUnicodeCharacter 


! LaTeX Error: Unicode character –µ (U+0435)
               not set up for use with LaTeX.

See the LaTeX manual or LaTeX Companion for explanation.
Type  H <return>  for immediate help.
 ...                                              
                                                  
l.2 ...—è–Ω–∏–π –õ–µ–≤–µ–Ω—à—Ç–µ–π–Ω–∞ –∏ –î–∞–º–µ
                                                  —Ä–∞—É-–õ–µ–≤–µ–Ω—à—Ç–µ–π–...

You may provide a definition with
\DeclareUnicodeCharacter 


! LaTeX Error: Unicode character —Ä (U+0440)
               not set up for use with LaTeX.

See the LaTeX manual or LaTeX Companion for explanation.
Type  H <return>  for immediate help.
 ...                                              
                                                  
l.2 ...–Ω–∏–π –õ–µ–≤–µ–Ω—à—Ç–µ–π–Ω–∞ –∏ –î–∞–º–µ—Ä
                                                  –∞—É-–õ–µ–≤–µ–Ω—à—Ç–µ–π–Ω–...
(That makes 100 errors; please try again.) 
Here is how much of TeX's memory you used:
 49 strings out of 475502
 946 string characters out of 5771629
 1916248 words of memory out of 5000000
 21417 multiletter control sequences out of 15000+600000
 558069 words of font info for 36 fonts, out of 8000000 for 9000
 1141 hyphenation exceptions out of 8191
 13i,0n,12p,403b,28s stack positions out of 10000i,1000n,20000p,200000b,200000s

!  ==> Fatal error occurred, no output PDF file produced!
