This is pdfTeX, Version 3.141592653-2.6-1.40.25 (MiKTeX 23.5) (preloaded format=pdflatex 2023.9.3)  12 SEP 2023 22:30
entering extended mode
 restricted \write18 enabled.
 %&-line parsing enabled.
**"C:/Users/testc/Desktop/My_Semester5/Analysis Algorithm/lab_01/doc/introd.tex
"
(C:/Users/testc/Desktop/My_Semester5/Analysis Algorithm/lab_01/doc/introd.tex
LaTeX2e <2023-06-01> patch level 1
L3 programming layer <2023-08-11>
! Undefined control sequence.
l.1 \chapter
            *{–í–≤–µ–¥–µ–Ω–∏–µ}
The control sequence at the end of the top line
of your error message was never \def'ed. If you have
misspelled it (e.g., `\hobx'), type `I' and the correct
spelling (e.g., `I\hbox'). Otherwise just continue,
and I'll forget about whatever was undefined.


! LaTeX Error: Missing \begin{document}.

See the LaTeX manual or LaTeX Companion for explanation.
Type  H <return>  for immediate help.
 ...                                              
                                                  
l.1 \chapter*
             {–í–≤–µ–¥–µ–Ω–∏–µ}
You're in trouble here.  Try typing  <return>  to proceed.
If that doesn't work, type  X <return>  to quit.

Missing character: There is no * in font nullfont!

! LaTeX Error: Unicode character –í (U+0412)
               not set up for use with LaTeX.

See the LaTeX manual or LaTeX Companion for explanation.
Type  H <return>  for immediate help.
 ...                                              
                                                  
l.1 \chapter*{–í
                –≤–µ–¥–µ–Ω–∏–µ}
You may provide a definition with
\DeclareUnicodeCharacter 


! LaTeX Error: Unicode character –≤ (U+0432)
               not set up for use with LaTeX.

See the LaTeX manual or LaTeX Companion for explanation.
Type  H <return>  for immediate help.
 ...                                              
                                                  
l.1 \chapter*{–í–≤
                  –µ–¥–µ–Ω–∏–µ}
You may provide a definition with
\DeclareUnicodeCharacter 


! LaTeX Error: Unicode character –µ (U+0435)
               not set up for use with LaTeX.

See the LaTeX manual or LaTeX Companion for explanation.
Type  H <return>  for immediate help.
 ...                                              
                                                  
l.1 \chapter*{–í–≤–µ
                    –¥–µ–Ω–∏–µ}
You may provide a definition with
\DeclareUnicodeCharacter 


! LaTeX Error: Unicode character –¥ (U+0434)
               not set up for use with LaTeX.

See the LaTeX manual or LaTeX Companion for explanation.
Type  H <return>  for immediate help.
 ...                                              
                                                  
l.1 \chapter*{–í–≤–µ–¥
                      –µ–Ω–∏–µ}
You may provide a definition with
\DeclareUnicodeCharacter 


! LaTeX Error: Unicode character –µ (U+0435)
               not set up for use with LaTeX.

See the LaTeX manual or LaTeX Companion for explanation.
Type  H <return>  for immediate help.
 ...                                              
                                                  
l.1 \chapter*{–í–≤–µ–¥–µ
                        –Ω–∏–µ}
You may provide a definition with
\DeclareUnicodeCharacter 


! LaTeX Error: Unicode character –Ω (U+043D)
               not set up for use with LaTeX.

See the LaTeX manual or LaTeX Companion for explanation.
Type  H <return>  for immediate help.
 ...                                              
                                                  
l.1 \chapter*{–í–≤–µ–¥–µ–Ω
                          –∏–µ}
You may provide a definition with
\DeclareUnicodeCharacter 


! LaTeX Error: Unicode character –∏ (U+0438)
               not set up for use with LaTeX.

See the LaTeX manual or LaTeX Companion for explanation.
Type  H <return>  for immediate help.
 ...                                              
                                                  
l.1 \chapter*{–í–≤–µ–¥–µ–Ω–∏
                            –µ}
You may provide a definition with
\DeclareUnicodeCharacter 


! LaTeX Error: Unicode character –µ (U+0435)
               not set up for use with LaTeX.

See the LaTeX manual or LaTeX Companion for explanation.
Type  H <return>  for immediate help.
 ...                                              
                                                  
l.1 \chapter*{–í–≤–µ–¥–µ–Ω–∏–µ
                              }
You may provide a definition with
\DeclareUnicodeCharacter 


Overfull \hbox (20.0pt too wide) in paragraph at lines 1--3
[]
 []


! LaTeX Error: Unicode character –† (U+0420)
               not set up for use with LaTeX.

See the LaTeX manual or LaTeX Companion for explanation.
Type  H <return>  for immediate help.
 ...                                              
                                                  
l.4 –†
      –∞—Å—Å—Ç–æ—è–Ω–∏–µ –õ–µ–≤–µ–Ω—à—Ç–µ–π–Ω–∞ –∏ —Ä–∞—Å—Å—Ç–æ—è–Ω–∏–µ –î–∞...

You may provide a definition with
\DeclareUnicodeCharacter 


! LaTeX Error: Unicode character –∞ (U+0430)
               not set up for use with LaTeX.

See the LaTeX manual or LaTeX Companion for explanation.
Type  H <return>  for immediate help.
 ...                                              
                                                  
l.4 –†–∞
        —Å—Å—Ç–æ—è–Ω–∏–µ –õ–µ–≤–µ–Ω—à—Ç–µ–π–Ω–∞ –∏ —Ä–∞—Å—Å—Ç–æ—è–Ω–∏–µ –î–∞...

You may provide a definition with
\DeclareUnicodeCharacter 


! LaTeX Error: Unicode character —Å (U+0441)
               not set up for use with LaTeX.

See the LaTeX manual or LaTeX Companion for explanation.
Type  H <return>  for immediate help.
 ...                                              
                                                  
l.4 –†–∞—Å
          —Å—Ç–æ—è–Ω–∏–µ –õ–µ–≤–µ–Ω—à—Ç–µ–π–Ω–∞ –∏ —Ä–∞—Å—Å—Ç–æ—è–Ω–∏–µ –î–∞...

You may provide a definition with
\DeclareUnicodeCharacter 


! LaTeX Error: Unicode character —Å (U+0441)
               not set up for use with LaTeX.

See the LaTeX manual or LaTeX Companion for explanation.
Type  H <return>  for immediate help.
 ...                                              
                                                  
l.4 –†–∞—Å—Å
            —Ç–æ—è–Ω–∏–µ –õ–µ–≤–µ–Ω—à—Ç–µ–π–Ω–∞ –∏ —Ä–∞—Å—Å—Ç–æ—è–Ω–∏–µ –î–∞...

You may provide a definition with
\DeclareUnicodeCharacter 


! LaTeX Error: Unicode character —Ç (U+0442)
               not set up for use with LaTeX.

See the LaTeX manual or LaTeX Companion for explanation.
Type  H <return>  for immediate help.
 ...                                              
                                                  
l.4 –†–∞—Å—Å—Ç
              –æ—è–Ω–∏–µ –õ–µ–≤–µ–Ω—à—Ç–µ–π–Ω–∞ –∏ —Ä–∞—Å—Å—Ç–æ—è–Ω–∏–µ –î–∞...

You may provide a definition with
\DeclareUnicodeCharacter 


! LaTeX Error: Unicode character –æ (U+043E)
               not set up for use with LaTeX.

See the LaTeX manual or LaTeX Companion for explanation.
Type  H <return>  for immediate help.
 ...                                              
                                                  
l.4 –†–∞—Å—Å—Ç–æ
                —è–Ω–∏–µ –õ–µ–≤–µ–Ω—à—Ç–µ–π–Ω–∞ –∏ —Ä–∞—Å—Å—Ç–æ—è–Ω–∏–µ –î–∞...

You may provide a definition with
\DeclareUnicodeCharacter 


! LaTeX Error: Unicode character —è (U+044F)
               not set up for use with LaTeX.

See the LaTeX manual or LaTeX Companion for explanation.
Type  H <return>  for immediate help.
 ...                                              
                                                  
l.4 –†–∞—Å—Å—Ç–æ—è
                  –Ω–∏–µ –õ–µ–≤–µ–Ω—à—Ç–µ–π–Ω–∞ –∏ —Ä–∞—Å—Å—Ç–æ—è–Ω–∏–µ –î–∞...

You may provide a definition with
\DeclareUnicodeCharacter 


! LaTeX Error: Unicode character –Ω (U+043D)
               not set up for use with LaTeX.

See the LaTeX manual or LaTeX Companion for explanation.
Type  H <return>  for immediate help.
 ...                                              
                                                  
l.4 –†–∞—Å—Å—Ç–æ—è–Ω
                    –∏–µ –õ–µ–≤–µ–Ω—à—Ç–µ–π–Ω–∞ –∏ —Ä–∞—Å—Å—Ç–æ—è–Ω–∏–µ –î–∞...

You may provide a definition with
\DeclareUnicodeCharacter 


! LaTeX Error: Unicode character –∏ (U+0438)
               not set up for use with LaTeX.

See the LaTeX manual or LaTeX Companion for explanation.
Type  H <return>  for immediate help.
 ...                                              
                                                  
l.4 –†–∞—Å—Å—Ç–æ—è–Ω–∏
                      –µ –õ–µ–≤–µ–Ω—à—Ç–µ–π–Ω–∞ –∏ —Ä–∞—Å—Å—Ç–æ—è–Ω–∏–µ –î–∞...

You may provide a definition with
\DeclareUnicodeCharacter 


! LaTeX Error: Unicode character –µ (U+0435)
               not set up for use with LaTeX.

See the LaTeX manual or LaTeX Companion for explanation.
Type  H <return>  for immediate help.
 ...                                              
                                                  
l.4 –†–∞—Å—Å—Ç–æ—è–Ω–∏–µ
                         –õ–µ–≤–µ–Ω—à—Ç–µ–π–Ω–∞ –∏ —Ä–∞—Å—Å—Ç–æ—è–Ω–∏–µ –î–∞...

You may provide a definition with
\DeclareUnicodeCharacter 


! LaTeX Error: Unicode character –õ (U+041B)
               not set up for use with LaTeX.

See the LaTeX manual or LaTeX Companion for explanation.
Type  H <return>  for immediate help.
 ...                                              
                                                  
l.4 –†–∞—Å—Å—Ç–æ—è–Ω–∏–µ –õ
                           –µ–≤–µ–Ω—à—Ç–µ–π–Ω–∞ –∏ —Ä–∞—Å—Å—Ç–æ—è–Ω–∏–µ –î–∞...

You may provide a definition with
\DeclareUnicodeCharacter 


! LaTeX Error: Unicode character –µ (U+0435)
               not set up for use with LaTeX.

See the LaTeX manual or LaTeX Companion for explanation.
Type  H <return>  for immediate help.
 ...                                              
                                                  
l.4 –†–∞—Å—Å—Ç–æ—è–Ω–∏–µ –õ–µ
                             –≤–µ–Ω—à—Ç–µ–π–Ω–∞ –∏ —Ä–∞—Å—Å—Ç–æ—è–Ω–∏–µ –î–∞...

You may provide a definition with
\DeclareUnicodeCharacter 


! LaTeX Error: Unicode character –≤ (U+0432)
               not set up for use with LaTeX.

See the LaTeX manual or LaTeX Companion for explanation.
Type  H <return>  for immediate help.
 ...                                              
                                                  
l.4 –†–∞—Å—Å—Ç–æ—è–Ω–∏–µ –õ–µ–≤
                               –µ–Ω—à—Ç–µ–π–Ω–∞ –∏ —Ä–∞—Å—Å—Ç–æ—è–Ω–∏–µ –î–∞...

You may provide a definition with
\DeclareUnicodeCharacter 


! LaTeX Error: Unicode character –µ (U+0435)
               not set up for use with LaTeX.

See the LaTeX manual or LaTeX Companion for explanation.
Type  H <return>  for immediate help.
 ...                                              
                                                  
l.4 –†–∞—Å—Å—Ç–æ—è–Ω–∏–µ –õ–µ–≤–µ
                                 –Ω—à—Ç–µ–π–Ω–∞ –∏ —Ä–∞—Å—Å—Ç–æ—è–Ω–∏–µ –î–∞...

You may provide a definition with
\DeclareUnicodeCharacter 


! LaTeX Error: Unicode character –Ω (U+043D)
               not set up for use with LaTeX.

See the LaTeX manual or LaTeX Companion for explanation.
Type  H <return>  for immediate help.
 ...                                              
                                                  
l.4 –†–∞—Å—Å—Ç–æ—è–Ω–∏–µ –õ–µ–≤–µ–Ω
                                   —à—Ç–µ–π–Ω–∞ –∏ —Ä–∞—Å—Å—Ç–æ—è–Ω–∏–µ –î–∞...

You may provide a definition with
\DeclareUnicodeCharacter 


! LaTeX Error: Unicode character —à (U+0448)
               not set up for use with LaTeX.

See the LaTeX manual or LaTeX Companion for explanation.
Type  H <return>  for immediate help.
 ...                                              
                                                  
l.4 –†–∞—Å—Å—Ç–æ—è–Ω–∏–µ –õ–µ–≤–µ–Ω—à
                                     —Ç–µ–π–Ω–∞ –∏ —Ä–∞—Å—Å—Ç–æ—è–Ω–∏–µ –î–∞...

You may provide a definition with
\DeclareUnicodeCharacter 


! LaTeX Error: Unicode character —Ç (U+0442)
               not set up for use with LaTeX.

See the LaTeX manual or LaTeX Companion for explanation.
Type  H <return>  for immediate help.
 ...                                              
                                                  
l.4 –†–∞—Å—Å—Ç–æ—è–Ω–∏–µ –õ–µ–≤–µ–Ω—à—Ç
                                       –µ–π–Ω–∞ –∏ —Ä–∞—Å—Å—Ç–æ—è–Ω–∏–µ –î–∞...

You may provide a definition with
\DeclareUnicodeCharacter 


! LaTeX Error: Unicode character –µ (U+0435)
               not set up for use with LaTeX.

See the LaTeX manual or LaTeX Companion for explanation.
Type  H <return>  for immediate help.
 ...                                              
                                                  
l.4 –†–∞—Å—Å—Ç–æ—è–Ω–∏–µ –õ–µ–≤–µ–Ω—à—Ç–µ
                                         –π–Ω–∞ –∏ —Ä–∞—Å—Å—Ç–æ—è–Ω–∏–µ –î–∞...

You may provide a definition with
\DeclareUnicodeCharacter 


! LaTeX Error: Unicode character –π (U+0439)
               not set up for use with LaTeX.

See the LaTeX manual or LaTeX Companion for explanation.
Type  H <return>  for immediate help.
 ...                                              
                                                  
l.4 –†–∞—Å—Å—Ç–æ—è–Ω–∏–µ –õ–µ–≤–µ–Ω—à—Ç–µ–π
                                           –Ω–∞ –∏ —Ä–∞—Å—Å—Ç–æ—è–Ω–∏–µ –î–∞...

You may provide a definition with
\DeclareUnicodeCharacter 


! LaTeX Error: Unicode character –Ω (U+043D)
               not set up for use with LaTeX.

See the LaTeX manual or LaTeX Companion for explanation.
Type  H <return>  for immediate help.
 ...                                              
                                                  
l.4 –†–∞—Å—Å—Ç–æ—è–Ω–∏–µ –õ–µ–≤–µ–Ω—à—Ç–µ–π–Ω
                                             –∞ –∏ —Ä–∞—Å—Å—Ç–æ—è–Ω–∏–µ –î–∞...

You may provide a definition with
\DeclareUnicodeCharacter 


! LaTeX Error: Unicode character –∞ (U+0430)
               not set up for use with LaTeX.

See the LaTeX manual or LaTeX Companion for explanation.
Type  H <return>  for immediate help.
 ...                                              
                                                  
l.4 –†–∞—Å—Å—Ç–æ—è–Ω–∏–µ –õ–µ–≤–µ–Ω—à—Ç–µ–π–Ω–∞
                                                –∏ —Ä–∞—Å—Å—Ç–æ—è–Ω–∏–µ –î–∞...

You may provide a definition with
\DeclareUnicodeCharacter 


! LaTeX Error: Unicode character –∏ (U+0438)
               not set up for use with LaTeX.

See the LaTeX manual or LaTeX Companion for explanation.
Type  H <return>  for immediate help.
 ...                                              
                                                  
l.4 –†–∞—Å—Å—Ç–æ—è–Ω–∏–µ –õ–µ–≤–µ–Ω—à—Ç–µ–π–Ω–∞ –∏
                                                   —Ä–∞—Å—Å—Ç–æ—è–Ω–∏–µ –î–∞...

You may provide a definition with
\DeclareUnicodeCharacter 


! LaTeX Error: Unicode character —Ä (U+0440)
               not set up for use with LaTeX.

See the LaTeX manual or LaTeX Companion for explanation.
Type  H <return>  for immediate help.
 ...                                              
                                                  
l.4 ...—Å—Ç–æ—è–Ω–∏–µ –õ–µ–≤–µ–Ω—à—Ç–µ–π–Ω–∞ –∏ —Ä
                                                  –∞—Å—Å—Ç–æ—è–Ω–∏–µ –î–∞–º–...

You may provide a definition with
\DeclareUnicodeCharacter 


! LaTeX Error: Unicode character –∞ (U+0430)
               not set up for use with LaTeX.

See the LaTeX manual or LaTeX Companion for explanation.
Type  H <return>  for immediate help.
 ...                                              
                                                  
l.4 ...—Ç–æ—è–Ω–∏–µ –õ–µ–≤–µ–Ω—à—Ç–µ–π–Ω–∞ –∏ —Ä–∞
                                                  —Å—Å—Ç–æ—è–Ω–∏–µ –î–∞–º–µ—...

You may provide a definition with
\DeclareUnicodeCharacter 


! LaTeX Error: Unicode character —Å (U+0441)
               not set up for use with LaTeX.

See the LaTeX manual or LaTeX Companion for explanation.
Type  H <return>  for immediate help.
 ...                                              
                                                  
l.4 ...–æ—è–Ω–∏–µ –õ–µ–≤–µ–Ω—à—Ç–µ–π–Ω–∞ –∏ —Ä–∞—Å
                                                  —Å—Ç–æ—è–Ω–∏–µ –î–∞–º–µ—Ä–...

You may provide a definition with
\DeclareUnicodeCharacter 


! LaTeX Error: Unicode character —Å (U+0441)
               not set up for use with LaTeX.

See the LaTeX manual or LaTeX Companion for explanation.
Type  H <return>  for immediate help.
 ...                                              
                                                  
l.4 ...—è–Ω–∏–µ –õ–µ–≤–µ–Ω—à—Ç–µ–π–Ω–∞ –∏ —Ä–∞—Å—Å
                                                  —Ç–æ—è–Ω–∏–µ –î–∞–º–µ—Ä–∞—...

You may provide a definition with
\DeclareUnicodeCharacter 


! LaTeX Error: Unicode character —Ç (U+0442)
               not set up for use with LaTeX.

See the LaTeX manual or LaTeX Companion for explanation.
Type  H <return>  for immediate help.
 ...                                              
                                                  
l.4 ...–Ω–∏–µ –õ–µ–≤–µ–Ω—à—Ç–µ–π–Ω–∞ –∏ —Ä–∞—Å—Å—Ç
                                                  –æ—è–Ω–∏–µ –î–∞–º–µ—Ä–∞—É-...

You may provide a definition with
\DeclareUnicodeCharacter 


! LaTeX Error: Unicode character –æ (U+043E)
               not set up for use with LaTeX.

See the LaTeX manual or LaTeX Companion for explanation.
Type  H <return>  for immediate help.
 ...                                              
                                                  
l.4 ...–∏–µ –õ–µ–≤–µ–Ω—à—Ç–µ–π–Ω–∞ –∏ —Ä–∞—Å—Å—Ç–æ
                                                  —è–Ω–∏–µ –î–∞–º–µ—Ä–∞—É-–õ...

You may provide a definition with
\DeclareUnicodeCharacter 


! LaTeX Error: Unicode character —è (U+044F)
               not set up for use with LaTeX.

See the LaTeX manual or LaTeX Companion for explanation.
Type  H <return>  for immediate help.
 ...                                              
                                                  
l.4 ...–µ –õ–µ–≤–µ–Ω—à—Ç–µ–π–Ω–∞ –∏ —Ä–∞—Å—Å—Ç–æ—è
                                                  –Ω–∏–µ –î–∞–º–µ—Ä–∞—É-–õ–µ...

You may provide a definition with
\DeclareUnicodeCharacter 


! LaTeX Error: Unicode character –Ω (U+043D)
               not set up for use with LaTeX.

See the LaTeX manual or LaTeX Companion for explanation.
Type  H <return>  for immediate help.
 ...                                              
                                                  
l.4 ... –õ–µ–≤–µ–Ω—à—Ç–µ–π–Ω–∞ –∏ —Ä–∞—Å—Å—Ç–æ—è–Ω
                                                  –∏–µ –î–∞–º–µ—Ä–∞—É-–õ–µ–≤...

You may provide a definition with
\DeclareUnicodeCharacter 


! LaTeX Error: Unicode character –∏ (U+0438)
               not set up for use with LaTeX.

See the LaTeX manual or LaTeX Companion for explanation.
Type  H <return>  for immediate help.
 ...                                              
                                                  
l.4 ...õ–µ–≤–µ–Ω—à—Ç–µ–π–Ω–∞ –∏ —Ä–∞—Å—Å—Ç–æ—è–Ω–∏
                                                  –µ –î–∞–º–µ—Ä–∞—É-–õ–µ–≤–µ...

You may provide a definition with
\DeclareUnicodeCharacter 


! LaTeX Error: Unicode character –µ (U+0435)
               not set up for use with LaTeX.

See the LaTeX manual or LaTeX Companion for explanation.
Type  H <return>  for immediate help.
 ...                                              
                                                  
l.4 ...µ–≤–µ–Ω—à—Ç–µ–π–Ω–∞ –∏ —Ä–∞—Å—Å—Ç–æ—è–Ω–∏–µ
                                                   –î–∞–º–µ—Ä–∞—É-–õ–µ–≤–µ–Ω...

You may provide a definition with
\DeclareUnicodeCharacter 


! LaTeX Error: Unicode character –î (U+0414)
               not set up for use with LaTeX.

See the LaTeX manual or LaTeX Companion for explanation.
Type  H <return>  for immediate help.
 ...                                              
                                                  
l.4 ...–µ–Ω—à—Ç–µ–π–Ω–∞ –∏ —Ä–∞—Å—Å—Ç–æ—è–Ω–∏–µ –î
                                                  –∞–º–µ—Ä–∞—É-–õ–µ–≤–µ–Ω—à—...

You may provide a definition with
\DeclareUnicodeCharacter 


! LaTeX Error: Unicode character –∞ (U+0430)
               not set up for use with LaTeX.

See the LaTeX manual or LaTeX Companion for explanation.
Type  H <return>  for immediate help.
 ...                                              
                                                  
l.4 ...–Ω—à—Ç–µ–π–Ω–∞ –∏ —Ä–∞—Å—Å—Ç–æ—è–Ω–∏–µ –î–∞
                                                  –º–µ—Ä–∞—É-–õ–µ–≤–µ–Ω—à—Ç–...

You may provide a definition with
\DeclareUnicodeCharacter 


! LaTeX Error: Unicode character –º (U+043C)
               not set up for use with LaTeX.

See the LaTeX manual or LaTeX Companion for explanation.
Type  H <return>  for immediate help.
 ...                                              
                                                  
l.4 ...—à—Ç–µ–π–Ω–∞ –∏ —Ä–∞—Å—Å—Ç–æ—è–Ω–∏–µ –î–∞–º
                                                  –µ—Ä–∞—É-–õ–µ–≤–µ–Ω—à—Ç–µ–...

You may provide a definition with
\DeclareUnicodeCharacter 


! LaTeX Error: Unicode character –µ (U+0435)
               not set up for use with LaTeX.

See the LaTeX manual or LaTeX Companion for explanation.
Type  H <return>  for immediate help.
 ...                                              
                                                  
l.4 ...—Ç–µ–π–Ω–∞ –∏ —Ä–∞—Å—Å—Ç–æ—è–Ω–∏–µ –î–∞–º–µ
                                                  —Ä–∞—É-–õ–µ–≤–µ–Ω—à—Ç–µ–π–...

You may provide a definition with
\DeclareUnicodeCharacter 


! LaTeX Error: Unicode character —Ä (U+0440)
               not set up for use with LaTeX.

See the LaTeX manual or LaTeX Companion for explanation.
Type  H <return>  for immediate help.
 ...                                              
                                                  
l.4 ...–µ–π–Ω–∞ –∏ —Ä–∞—Å—Å—Ç–æ—è–Ω–∏–µ –î–∞–º–µ—Ä
                                                  –∞—É-–õ–µ–≤–µ–Ω—à—Ç–µ–π–Ω–...

You may provide a definition with
\DeclareUnicodeCharacter 


! LaTeX Error: Unicode character –∞ (U+0430)
               not set up for use with LaTeX.

See the LaTeX manual or LaTeX Companion for explanation.
Type  H <return>  for immediate help.
 ...                                              
                                                  
l.4 ...–π–Ω–∞ –∏ —Ä–∞—Å—Å—Ç–æ—è–Ω–∏–µ –î–∞–º–µ—Ä–∞
                                                  —É-–õ–µ–≤–µ–Ω—à—Ç–µ–π–Ω–∞,...

You may provide a definition with
\DeclareUnicodeCharacter 


! LaTeX Error: Unicode character —É (U+0443)
               not set up for use with LaTeX.

See the LaTeX manual or LaTeX Companion for explanation.
Type  H <return>  for immediate help.
 ...                                              
                                                  
l.4 ...–Ω–∞ –∏ —Ä–∞—Å—Å—Ç–æ—è–Ω–∏–µ –î–∞–º–µ—Ä–∞—É
                                                  -–õ–µ–≤–µ–Ω—à—Ç–µ–π–Ω–∞, –...

You may provide a definition with
\DeclareUnicodeCharacter 


! LaTeX Error: Missing \begin{document}.

See the LaTeX manual or LaTeX Companion for explanation.
Type  H <return>  for immediate help.
 ...                                              
                                                  
l.4 ...Ω–∞ –∏ —Ä–∞—Å—Å—Ç–æ—è–Ω–∏–µ –î–∞–º–µ—Ä–∞—É-
                                                  –õ–µ–≤–µ–Ω—à—Ç–µ–π–Ω–∞, –ø...

You're in trouble here.  Try typing  <return>  to proceed.
If that doesn't work, type  X <return>  to quit.

Missing character: There is no - in font nullfont!

! LaTeX Error: Unicode character –õ (U+041B)
               not set up for use with LaTeX.

See the LaTeX manual or LaTeX Companion for explanation.
Type  H <return>  for immediate help.
 ...                                              
                                                  
l.4 ...∞ –∏ —Ä–∞—Å—Å—Ç–æ—è–Ω–∏–µ –î–∞–º–µ—Ä–∞—É-–õ
                                                  –µ–≤–µ–Ω—à—Ç–µ–π–Ω–∞, –ø—Ä...

You may provide a definition with
\DeclareUnicodeCharacter 


! LaTeX Error: Unicode character –µ (U+0435)
               not set up for use with LaTeX.

See the LaTeX manual or LaTeX Companion for explanation.
Type  H <return>  for immediate help.
 ...                                              
                                                  
l.4 ...–∏ —Ä–∞—Å—Å—Ç–æ—è–Ω–∏–µ –î–∞–º–µ—Ä–∞—É-–õ–µ
                                                  –≤–µ–Ω—à—Ç–µ–π–Ω–∞, –ø—Ä–µ...

You may provide a definition with
\DeclareUnicodeCharacter 


! LaTeX Error: Unicode character –≤ (U+0432)
               not set up for use with LaTeX.

See the LaTeX manual or LaTeX Companion for explanation.
Type  H <return>  for immediate help.
 ...                                              
                                                  
l.4 ... —Ä–∞—Å—Å—Ç–æ—è–Ω–∏–µ –î–∞–º–µ—Ä–∞—É-–õ–µ–≤
                                                  –µ–Ω—à—Ç–µ–π–Ω–∞, –ø—Ä–µ–¥...

You may provide a definition with
\DeclareUnicodeCharacter 


! LaTeX Error: Unicode character –µ (U+0435)
               not set up for use with LaTeX.

See the LaTeX manual or LaTeX Companion for explanation.
Type  H <return>  for immediate help.
 ...                                              
                                                  
l.4 ...Ä–∞—Å—Å—Ç–æ—è–Ω–∏–µ –î–∞–º–µ—Ä–∞—É-–õ–µ–≤–µ
                                                  –Ω—à—Ç–µ–π–Ω–∞, –ø—Ä–µ–¥—Å...

You may provide a definition with
\DeclareUnicodeCharacter 


! LaTeX Error: Unicode character –Ω (U+043D)
               not set up for use with LaTeX.

See the LaTeX manual or LaTeX Companion for explanation.
Type  H <return>  for immediate help.
 ...                                              
                                                  
l.4 ...∞—Å—Å—Ç–æ—è–Ω–∏–µ –î–∞–º–µ—Ä–∞—É-–õ–µ–≤–µ–Ω
                                                  —à—Ç–µ–π–Ω–∞, –ø—Ä–µ–¥—Å—Ç...

You may provide a definition with
\DeclareUnicodeCharacter 


! LaTeX Error: Unicode character —à (U+0448)
               not set up for use with LaTeX.

See the LaTeX manual or LaTeX Companion for explanation.
Type  H <return>  for immediate help.
 ...                                              
                                                  
l.4 ...Å—Å—Ç–æ—è–Ω–∏–µ –î–∞–º–µ—Ä–∞—É-–õ–µ–≤–µ–Ω—à
                                                  —Ç–µ–π–Ω–∞, –ø—Ä–µ–¥—Å—Ç–∞...

You may provide a definition with
\DeclareUnicodeCharacter 


! LaTeX Error: Unicode character —Ç (U+0442)
               not set up for use with LaTeX.

See the LaTeX manual or LaTeX Companion for explanation.
Type  H <return>  for immediate help.
 ...                                              
                                                  
l.4 ...Å—Ç–æ—è–Ω–∏–µ –î–∞–º–µ—Ä–∞—É-–õ–µ–≤–µ–Ω—à—Ç
                                                  –µ–π–Ω–∞, –ø—Ä–µ–¥—Å—Ç–∞–≤...

You may provide a definition with
\DeclareUnicodeCharacter 


! LaTeX Error: Unicode character –µ (U+0435)
               not set up for use with LaTeX.

See the LaTeX manual or LaTeX Companion for explanation.
Type  H <return>  for immediate help.
 ...                                              
                                                  
l.4 ...Ç–æ—è–Ω–∏–µ –î–∞–º–µ—Ä–∞—É-–õ–µ–≤–µ–Ω—à—Ç–µ
                                                  –π–Ω–∞, –ø—Ä–µ–¥—Å—Ç–∞–≤–ª...

You may provide a definition with
\DeclareUnicodeCharacter 


! LaTeX Error: Unicode character –π (U+0439)
               not set up for use with LaTeX.

See the LaTeX manual or LaTeX Companion for explanation.
Type  H <return>  for immediate help.
 ...                                              
                                                  
l.4 ...æ—è–Ω–∏–µ –î–∞–º–µ—Ä–∞—É-–õ–µ–≤–µ–Ω—à—Ç–µ–π
                                                  –Ω–∞, –ø—Ä–µ–¥—Å—Ç–∞–≤–ª—è...

You may provide a definition with
\DeclareUnicodeCharacter 


! LaTeX Error: Unicode character –Ω (U+043D)
               not set up for use with LaTeX.

See the LaTeX manual or LaTeX Companion for explanation.
Type  H <return>  for immediate help.
 ...                                              
                                                  
l.4 ...è–Ω–∏–µ –î–∞–º–µ—Ä–∞—É-–õ–µ–≤–µ–Ω—à—Ç–µ–π–Ω
                                                  –∞, –ø—Ä–µ–¥—Å—Ç–∞–≤–ª—è—é...

You may provide a definition with
\DeclareUnicodeCharacter 


! LaTeX Error: Unicode character –∞ (U+0430)
               not set up for use with LaTeX.

See the LaTeX manual or LaTeX Companion for explanation.
Type  H <return>  for immediate help.
 ...                                              
                                                  
l.4 ...Ω–∏–µ –î–∞–º–µ—Ä–∞—É-–õ–µ–≤–µ–Ω—à—Ç–µ–π–Ω–∞
                                                  , –ø—Ä–µ–¥—Å—Ç–∞–≤–ª—è—é—Ç...

You may provide a definition with
\DeclareUnicodeCharacter 

Missing character: There is no , in font nullfont!

! LaTeX Error: Unicode character –ø (U+043F)
               not set up for use with LaTeX.

See the LaTeX manual or LaTeX Companion for explanation.
Type  H <return>  for immediate help.
 ...                                              
                                                  
l.4 ...µ –î–∞–º–µ—Ä–∞—É-–õ–µ–≤–µ–Ω—à—Ç–µ–π–Ω–∞, –ø
                                                  —Ä–µ–¥—Å—Ç–∞–≤–ª—è—é—Ç —Å–...

You may provide a definition with
\DeclareUnicodeCharacter 


! LaTeX Error: Unicode character —Ä (U+0440)
               not set up for use with LaTeX.

See the LaTeX manual or LaTeX Companion for explanation.
Type  H <return>  for immediate help.
 ...                                              
                                                  
l.4 ...–î–∞–º–µ—Ä–∞—É-–õ–µ–≤–µ–Ω—à—Ç–µ–π–Ω–∞, –ø—Ä
                                                  –µ–¥—Å—Ç–∞–≤–ª—è—é—Ç —Å–æ–...

You may provide a definition with
\DeclareUnicodeCharacter 


! LaTeX Error: Unicode character –µ (U+0435)
               not set up for use with LaTeX.

See the LaTeX manual or LaTeX Companion for explanation.
Type  H <return>  for immediate help.
 ...                                              
                                                  
l.4 ...–∞–º–µ—Ä–∞—É-–õ–µ–≤–µ–Ω—à—Ç–µ–π–Ω–∞, –ø—Ä–µ
                                                  –¥—Å—Ç–∞–≤–ª—è—é—Ç —Å–æ–±–...

You may provide a definition with
\DeclareUnicodeCharacter 


! LaTeX Error: Unicode character –¥ (U+0434)
               not set up for use with LaTeX.

See the LaTeX manual or LaTeX Companion for explanation.
Type  H <return>  for immediate help.
 ...                                              
                                                  
l.4 ...–º–µ—Ä–∞—É-–õ–µ–≤–µ–Ω—à—Ç–µ–π–Ω–∞, –ø—Ä–µ–¥
                                                  —Å—Ç–∞–≤–ª—è—é—Ç —Å–æ–±–æ–...

You may provide a definition with
\DeclareUnicodeCharacter 


! LaTeX Error: Unicode character —Å (U+0441)
               not set up for use with LaTeX.

See the LaTeX manual or LaTeX Companion for explanation.
Type  H <return>  for immediate help.
 ...                                              
                                                  
l.4 ...–µ—Ä–∞—É-–õ–µ–≤–µ–Ω—à—Ç–µ–π–Ω–∞, –ø—Ä–µ–¥—Å
                                                  —Ç–∞–≤–ª—è—é—Ç —Å–æ–±–æ–π ...

You may provide a definition with
\DeclareUnicodeCharacter 


! LaTeX Error: Unicode character —Ç (U+0442)
               not set up for use with LaTeX.

See the LaTeX manual or LaTeX Companion for explanation.
Type  H <return>  for immediate help.
 ...                                              
                                                  
l.4 ...—Ä–∞—É-–õ–µ–≤–µ–Ω—à—Ç–µ–π–Ω–∞, –ø—Ä–µ–¥—Å—Ç
                                                  –∞–≤–ª—è—é—Ç —Å–æ–±–æ–π –≤...

You may provide a definition with
\DeclareUnicodeCharacter 


! LaTeX Error: Unicode character –∞ (U+0430)
               not set up for use with LaTeX.

See the LaTeX manual or LaTeX Companion for explanation.
Type  H <return>  for immediate help.
 ...                                              
                                                  
l.4 ...–∞—É-–õ–µ–≤–µ–Ω—à—Ç–µ–π–Ω–∞, –ø—Ä–µ–¥—Å—Ç–∞
                                                  –≤–ª—è—é—Ç —Å–æ–±–æ–π –≤–∞...

You may provide a definition with
\DeclareUnicodeCharacter 


! LaTeX Error: Unicode character –≤ (U+0432)
               not set up for use with LaTeX.

See the LaTeX manual or LaTeX Companion for explanation.
Type  H <return>  for immediate help.
 ...                                              
                                                  
l.4 ...—É-–õ–µ–≤–µ–Ω—à—Ç–µ–π–Ω–∞, –ø—Ä–µ–¥—Å—Ç–∞–≤
                                                  –ª—è—é—Ç —Å–æ–±–æ–π –≤–∞–∂...

You may provide a definition with
\DeclareUnicodeCharacter 


! LaTeX Error: Unicode character –ª (U+043B)
               not set up for use with LaTeX.

See the LaTeX manual or LaTeX Companion for explanation.
Type  H <return>  for immediate help.
 ...                                              
                                                  
l.4 ...-–õ–µ–≤–µ–Ω—à—Ç–µ–π–Ω–∞, –ø—Ä–µ–¥—Å—Ç–∞–≤–ª
                                                  —è—é—Ç —Å–æ–±–æ–π –≤–∞–∂–Ω...

You may provide a definition with
\DeclareUnicodeCharacter 


! LaTeX Error: Unicode character —è (U+044F)
               not set up for use with LaTeX.

See the LaTeX manual or LaTeX Companion for explanation.
Type  H <return>  for immediate help.
 ...                                              
                                                  
l.4 ...õ–µ–≤–µ–Ω—à—Ç–µ–π–Ω–∞, –ø—Ä–µ–¥—Å—Ç–∞–≤–ª—è
                                                  —é—Ç —Å–æ–±–æ–π –≤–∞–∂–Ω—ã...

You may provide a definition with
\DeclareUnicodeCharacter 


! LaTeX Error: Unicode character —é (U+044E)
               not set up for use with LaTeX.

See the LaTeX manual or LaTeX Companion for explanation.
Type  H <return>  for immediate help.
 ...                                              
                                                  
l.4 ...µ–≤–µ–Ω—à—Ç–µ–π–Ω–∞, –ø—Ä–µ–¥—Å—Ç–∞–≤–ª—è—é
                                                  —Ç —Å–æ–±–æ–π –≤–∞–∂–Ω—ã–µ...

You may provide a definition with
\DeclareUnicodeCharacter 


! LaTeX Error: Unicode character —Ç (U+0442)
               not set up for use with LaTeX.

See the LaTeX manual or LaTeX Companion for explanation.
Type  H <return>  for immediate help.
 ...                                              
                                                  
l.4 ...≤–µ–Ω—à—Ç–µ–π–Ω–∞, –ø—Ä–µ–¥—Å—Ç–∞–≤–ª—è—é—Ç
                                                   —Å–æ–±–æ–π –≤–∞–∂–Ω—ã–µ –...

You may provide a definition with
\DeclareUnicodeCharacter 


! LaTeX Error: Unicode character —Å (U+0441)
               not set up for use with LaTeX.

See the LaTeX manual or LaTeX Companion for explanation.
Type  H <return>  for immediate help.
 ...                                              
                                                  
l.4 ...–Ω—à—Ç–µ–π–Ω–∞, –ø—Ä–µ–¥—Å—Ç–∞–≤–ª—è—é—Ç —Å
                                                  –æ–±–æ–π –≤–∞–∂–Ω—ã–µ –º–µ...

You may provide a definition with
\DeclareUnicodeCharacter 


! LaTeX Error: Unicode character –æ (U+043E)
               not set up for use with LaTeX.

See the LaTeX manual or LaTeX Companion for explanation.
Type  H <return>  for immediate help.
 ...                                              
                                                  
l.4 ...—à—Ç–µ–π–Ω–∞, –ø—Ä–µ–¥—Å—Ç–∞–≤–ª—è—é—Ç —Å–æ
                                                  –±–æ–π –≤–∞–∂–Ω—ã–µ –º–µ—Ç...

You may provide a definition with
\DeclareUnicodeCharacter 


! LaTeX Error: Unicode character –± (U+0431)
               not set up for use with LaTeX.

See the LaTeX manual or LaTeX Companion for explanation.
Type  H <return>  for immediate help.
 ...                                              
                                                  
l.4 ...—Ç–µ–π–Ω–∞, –ø—Ä–µ–¥—Å—Ç–∞–≤–ª—è—é—Ç —Å–æ–±
                                                  –æ–π –≤–∞–∂–Ω—ã–µ –º–µ—Ç—Ä...

You may provide a definition with
\DeclareUnicodeCharacter 


! LaTeX Error: Unicode character –æ (U+043E)
               not set up for use with LaTeX.

See the LaTeX manual or LaTeX Companion for explanation.
Type  H <return>  for immediate help.
 ...                                              
                                                  
l.4 ...–µ–π–Ω–∞, –ø—Ä–µ–¥—Å—Ç–∞–≤–ª—è—é—Ç —Å–æ–±–æ
                                                  –π –≤–∞–∂–Ω—ã–µ –º–µ—Ç—Ä–∏...

You may provide a definition with
\DeclareUnicodeCharacter 


! LaTeX Error: Unicode character –π (U+0439)
               not set up for use with LaTeX.

See the LaTeX manual or LaTeX Companion for explanation.
Type  H <return>  for immediate help.
 ...                                              
                                                  
l.4 ...–π–Ω–∞, –ø—Ä–µ–¥—Å—Ç–∞–≤–ª—è—é—Ç —Å–æ–±–æ–π
                                                   –≤–∞–∂–Ω—ã–µ –º–µ—Ç—Ä–∏–∫...

You may provide a definition with
\DeclareUnicodeCharacter 


! LaTeX Error: Unicode character –≤ (U+0432)
               not set up for use with LaTeX.

See the LaTeX manual or LaTeX Companion for explanation.
Type  H <return>  for immediate help.
 ...                                              
                                                  
l.4 ...Ω–∞, –ø—Ä–µ–¥—Å—Ç–∞–≤–ª—è—é—Ç —Å–æ–±–æ–π –≤
                                                  –∞–∂–Ω—ã–µ –º–µ—Ç—Ä–∏–∫–∏,...

You may provide a definition with
\DeclareUnicodeCharacter 


! LaTeX Error: Unicode character –∞ (U+0430)
               not set up for use with LaTeX.

See the LaTeX manual or LaTeX Companion for explanation.
Type  H <return>  for immediate help.
 ...                                              
                                                  
l.4 ...∞, –ø—Ä–µ–¥—Å—Ç–∞–≤–ª—è—é—Ç —Å–æ–±–æ–π –≤–∞
                                                  –∂–Ω—ã–µ –º–µ—Ç—Ä–∏–∫–∏, –...

You may provide a definition with
\DeclareUnicodeCharacter 


! LaTeX Error: Unicode character –∂ (U+0436)
               not set up for use with LaTeX.

See the LaTeX manual or LaTeX Companion for explanation.
Type  H <return>  for immediate help.
 ...                                              
                                                  
l.4 ... –ø—Ä–µ–¥—Å—Ç–∞–≤–ª—è—é—Ç —Å–æ–±–æ–π –≤–∞–∂
                                                  –Ω—ã–µ –º–µ—Ç—Ä–∏–∫–∏, –∏—...

You may provide a definition with
\DeclareUnicodeCharacter 


! LaTeX Error: Unicode character –Ω (U+043D)
               not set up for use with LaTeX.

See the LaTeX manual or LaTeX Companion for explanation.
Type  H <return>  for immediate help.
 ...                                              
                                                  
l.4 ...ø—Ä–µ–¥—Å—Ç–∞–≤–ª—è—é—Ç —Å–æ–±–æ–π –≤–∞–∂–Ω
                                                  —ã–µ –º–µ—Ç—Ä–∏–∫–∏, –∏—Å–...

You may provide a definition with
\DeclareUnicodeCharacter 


! LaTeX Error: Unicode character —ã (U+044B)
               not set up for use with LaTeX.

See the LaTeX manual or LaTeX Companion for explanation.
Type  H <return>  for immediate help.
 ...                                              
                                                  
l.4 ...Ä–µ–¥—Å—Ç–∞–≤–ª—è—é—Ç —Å–æ–±–æ–π –≤–∞–∂–Ω—ã
                                                  –µ –º–µ—Ç—Ä–∏–∫–∏, –∏—Å–ø–...

You may provide a definition with
\DeclareUnicodeCharacter 


! LaTeX Error: Unicode character –µ (U+0435)
               not set up for use with LaTeX.

See the LaTeX manual or LaTeX Companion for explanation.
Type  H <return>  for immediate help.
 ...                                              
                                                  
l.4 ...µ–¥—Å—Ç–∞–≤–ª—è—é—Ç —Å–æ–±–æ–π –≤–∞–∂–Ω—ã–µ
                                                   –º–µ—Ç—Ä–∏–∫–∏, –∏—Å–ø–æ–...

You may provide a definition with
\DeclareUnicodeCharacter 


! LaTeX Error: Unicode character –º (U+043C)
               not set up for use with LaTeX.

See the LaTeX manual or LaTeX Companion for explanation.
Type  H <return>  for immediate help.
 ...                                              
                                                  
l.4 ...—Å—Ç–∞–≤–ª—è—é—Ç —Å–æ–±–æ–π –≤–∞–∂–Ω—ã–µ –º
                                                  –µ—Ç—Ä–∏–∫–∏, –∏—Å–ø–æ–ª—å...

You may provide a definition with
\DeclareUnicodeCharacter 


! LaTeX Error: Unicode character –µ (U+0435)
               not set up for use with LaTeX.

See the LaTeX manual or LaTeX Companion for explanation.
Type  H <return>  for immediate help.
 ...                                              
                                                  
l.4 ...—Ç–∞–≤–ª—è—é—Ç —Å–æ–±–æ–π –≤–∞–∂–Ω—ã–µ –º–µ
                                                  —Ç—Ä–∏–∫–∏, –∏—Å–ø–æ–ª—å–∑...

You may provide a definition with
\DeclareUnicodeCharacter 


! LaTeX Error: Unicode character —Ç (U+0442)
               not set up for use with LaTeX.

See the LaTeX manual or LaTeX Companion for explanation.
Type  H <return>  for immediate help.
 ...                                              
                                                  
l.4 ...–∞–≤–ª—è—é—Ç —Å–æ–±–æ–π –≤–∞–∂–Ω—ã–µ –º–µ—Ç
                                                  —Ä–∏–∫–∏, –∏—Å–ø–æ–ª—å–∑—É...

You may provide a definition with
\DeclareUnicodeCharacter 


! LaTeX Error: Unicode character —Ä (U+0440)
               not set up for use with LaTeX.

See the LaTeX manual or LaTeX Companion for explanation.
Type  H <return>  for immediate help.
 ...                                              
                                                  
l.4 ...–≤–ª—è—é—Ç —Å–æ–±–æ–π –≤–∞–∂–Ω—ã–µ –º–µ—Ç—Ä
                                                  –∏–∫–∏, –∏—Å–ø–æ–ª—å–∑—É–µ...

You may provide a definition with
\DeclareUnicodeCharacter 


! LaTeX Error: Unicode character –∏ (U+0438)
               not set up for use with LaTeX.

See the LaTeX manual or LaTeX Companion for explanation.
Type  H <return>  for immediate help.
 ...                                              
                                                  
l.4 ...–ª—è—é—Ç —Å–æ–±–æ–π –≤–∞–∂–Ω—ã–µ –º–µ—Ç—Ä–∏
                                                  –∫–∏, –∏—Å–ø–æ–ª—å–∑—É–µ–º...

You may provide a definition with
\DeclareUnicodeCharacter 


! LaTeX Error: Unicode character –∫ (U+043A)
               not set up for use with LaTeX.

See the LaTeX manual or LaTeX Companion for explanation.
Type  H <return>  for immediate help.
 ...                                              
                                                  
l.4 ...—è—é—Ç —Å–æ–±–æ–π –≤–∞–∂–Ω—ã–µ –º–µ—Ç—Ä–∏–∫
                                                  –∏, –∏—Å–ø–æ–ª—å–∑—É–µ–º—ã...

You may provide a definition with
\DeclareUnicodeCharacter 


! LaTeX Error: Unicode character –∏ (U+0438)
               not set up for use with LaTeX.

See the LaTeX manual or LaTeX Companion for explanation.
Type  H <return>  for immediate help.
 ...                                              
                                                  
l.4 ...—é—Ç —Å–æ–±–æ–π –≤–∞–∂–Ω—ã–µ –º–µ—Ç—Ä–∏–∫–∏
                                                  , –∏—Å–ø–æ–ª—å–∑—É–µ–º—ã–µ...

You may provide a definition with
\DeclareUnicodeCharacter 

Missing character: There is no , in font nullfont!

! LaTeX Error: Unicode character –∏ (U+0438)
               not set up for use with LaTeX.

See the LaTeX manual or LaTeX Companion for explanation.
Type  H <return>  for immediate help.
 ...                                              
                                                  
l.4 ... —Å–æ–±–æ–π –≤–∞–∂–Ω—ã–µ –º–µ—Ç—Ä–∏–∫–∏, –∏
                                                  —Å–ø–æ–ª—å–∑—É–µ–º—ã–µ –≤ ...

You may provide a definition with
\DeclareUnicodeCharacter 


! LaTeX Error: Unicode character —Å (U+0441)
               not set up for use with LaTeX.

See the LaTeX manual or LaTeX Companion for explanation.
Type  H <return>  for immediate help.
 ...                                              
                                                  
l.4 ...Å–æ–±–æ–π –≤–∞–∂–Ω—ã–µ –º–µ—Ç—Ä–∏–∫–∏, –∏—Å
                                                  –ø–æ–ª—å–∑—É–µ–º—ã–µ –≤ –∏...

You may provide a definition with
\DeclareUnicodeCharacter 


! LaTeX Error: Unicode character –ø (U+043F)
               not set up for use with LaTeX.

See the LaTeX manual or LaTeX Companion for explanation.
Type  H <return>  for immediate help.
 ...                                              
                                                  
l.4 ...æ–±–æ–π –≤–∞–∂–Ω—ã–µ –º–µ—Ç—Ä–∏–∫–∏, –∏—Å–ø
                                                  –æ–ª—å–∑—É–µ–º—ã–µ –≤ –∏–Ω...

You may provide a definition with
\DeclareUnicodeCharacter 


! LaTeX Error: Unicode character –æ (U+043E)
               not set up for use with LaTeX.

See the LaTeX manual or LaTeX Companion for explanation.
Type  H <return>  for immediate help.
 ...                                              
                                                  
l.4 ...±–æ–π –≤–∞–∂–Ω—ã–µ –º–µ—Ç—Ä–∏–∫–∏, –∏—Å–ø–æ
                                                  –ª—å–∑—É–µ–º—ã–µ –≤ –∏–Ω—Ñ...

You may provide a definition with
\DeclareUnicodeCharacter 


! LaTeX Error: Unicode character –ª (U+043B)
               not set up for use with LaTeX.

See the LaTeX manual or LaTeX Companion for explanation.
Type  H <return>  for immediate help.
 ...                                              
                                                  
l.4 ...æ–π –≤–∞–∂–Ω—ã–µ –º–µ—Ç—Ä–∏–∫–∏, –∏—Å–ø–æ–ª
                                                  —å–∑—É–µ–º—ã–µ –≤ –∏–Ω—Ñ–æ...

You may provide a definition with
\DeclareUnicodeCharacter 


! LaTeX Error: Unicode character —å (U+044C)
               not set up for use with LaTeX.

See the LaTeX manual or LaTeX Companion for explanation.
Type  H <return>  for immediate help.
 ...                                              
                                                  
l.4 ...π –≤–∞–∂–Ω—ã–µ –º–µ—Ç—Ä–∏–∫–∏, –∏—Å–ø–æ–ª—å
                                                  –∑—É–µ–º—ã–µ –≤ –∏–Ω—Ñ–æ—Ä...

You may provide a definition with
\DeclareUnicodeCharacter 


! LaTeX Error: Unicode character –∑ (U+0437)
               not set up for use with LaTeX.

See the LaTeX manual or LaTeX Companion for explanation.
Type  H <return>  for immediate help.
 ...                                              
                                                  
l.4 ...–≤–∞–∂–Ω—ã–µ –º–µ—Ç—Ä–∏–∫–∏, –∏—Å–ø–æ–ª—å–∑
                                                  —É–µ–º—ã–µ –≤ –∏–Ω—Ñ–æ—Ä–º...

You may provide a definition with
\DeclareUnicodeCharacter 


! LaTeX Error: Unicode character —É (U+0443)
               not set up for use with LaTeX.

See the LaTeX manual or LaTeX Companion for explanation.
Type  H <return>  for immediate help.
 ...                                              
                                                  
l.4 ...–∞–∂–Ω—ã–µ –º–µ—Ç—Ä–∏–∫–∏, –∏—Å–ø–æ–ª—å–∑—É
                                                  –µ–º—ã–µ –≤ –∏–Ω—Ñ–æ—Ä–º–∞...

You may provide a definition with
\DeclareUnicodeCharacter 


! LaTeX Error: Unicode character –µ (U+0435)
               not set up for use with LaTeX.

See the LaTeX manual or LaTeX Companion for explanation.
Type  H <return>  for immediate help.
 ...                                              
                                                  
l.4 ...–∂–Ω—ã–µ –º–µ—Ç—Ä–∏–∫–∏, –∏—Å–ø–æ–ª—å–∑—É–µ
                                                  –º—ã–µ –≤ –∏–Ω—Ñ–æ—Ä–º–∞—Ç...

You may provide a definition with
\DeclareUnicodeCharacter 


! LaTeX Error: Unicode character –º (U+043C)
               not set up for use with LaTeX.

See the LaTeX manual or LaTeX Companion for explanation.
Type  H <return>  for immediate help.
 ...                                              
                                                  
l.4 ...–Ω—ã–µ –º–µ—Ç—Ä–∏–∫–∏, –∏—Å–ø–æ–ª—å–∑—É–µ–º
                                                  —ã–µ –≤ –∏–Ω—Ñ–æ—Ä–º–∞—Ç–∏...

You may provide a definition with
\DeclareUnicodeCharacter 


! LaTeX Error: Unicode character —ã (U+044B)
               not set up for use with LaTeX.

See the LaTeX manual or LaTeX Companion for explanation.
Type  H <return>  for immediate help.
 ...                                              
                                                  
l.4 ...—ã–µ –º–µ—Ç—Ä–∏–∫–∏, –∏—Å–ø–æ–ª—å–∑—É–µ–º—ã
                                                  –µ –≤ –∏–Ω—Ñ–æ—Ä–º–∞—Ç–∏–∫...

You may provide a definition with
\DeclareUnicodeCharacter 


! LaTeX Error: Unicode character –µ (U+0435)
               not set up for use with LaTeX.

See the LaTeX manual or LaTeX Companion for explanation.
Type  H <return>  for immediate help.
 ...                                              
                                                  
l.4 ...–µ –º–µ—Ç—Ä–∏–∫–∏, –∏—Å–ø–æ–ª—å–∑—É–µ–º—ã–µ
                                                   –≤ –∏–Ω—Ñ–æ—Ä–º–∞—Ç–∏–∫–µ...

You may provide a definition with
\DeclareUnicodeCharacter 


! LaTeX Error: Unicode character –≤ (U+0432)
               not set up for use with LaTeX.

See the LaTeX manual or LaTeX Companion for explanation.
Type  H <return>  for immediate help.
 ...                                              
                                                  
l.4 ...–º–µ—Ç—Ä–∏–∫–∏, –∏—Å–ø–æ–ª—å–∑—É–µ–º—ã–µ –≤
                                                   –∏–Ω—Ñ–æ—Ä–º–∞—Ç–∏–∫–µ –∏...

You may provide a definition with
\DeclareUnicodeCharacter 


! LaTeX Error: Unicode character –∏ (U+0438)
               not set up for use with LaTeX.

See the LaTeX manual or LaTeX Companion for explanation.
Type  H <return>  for immediate help.
 ...                                              
                                                  
l.4 ...µ—Ç—Ä–∏–∫–∏, –∏—Å–ø–æ–ª—å–∑—É–µ–º—ã–µ –≤ –∏
                                                  –Ω—Ñ–æ—Ä–º–∞—Ç–∏–∫–µ –∏ –æ...

You may provide a definition with
\DeclareUnicodeCharacter 


! LaTeX Error: Unicode character –Ω (U+043D)
               not set up for use with LaTeX.

See the LaTeX manual or LaTeX Companion for explanation.
Type  H <return>  for immediate help.
 ...                                              
                                                  
l.4 ...Ç—Ä–∏–∫–∏, –∏—Å–ø–æ–ª—å–∑—É–µ–º—ã–µ –≤ –∏–Ω
                                                  —Ñ–æ—Ä–º–∞—Ç–∏–∫–µ –∏ –æ–±...

You may provide a definition with
\DeclareUnicodeCharacter 


! LaTeX Error: Unicode character —Ñ (U+0444)
               not set up for use with LaTeX.

See the LaTeX manual or LaTeX Companion for explanation.
Type  H <return>  for immediate help.
 ...                                              
                                                  
l.4 ...Ä–∏–∫–∏, –∏—Å–ø–æ–ª—å–∑—É–µ–º—ã–µ –≤ –∏–Ω—Ñ
                                                  –æ—Ä–º–∞—Ç–∏–∫–µ –∏ –æ–±—Ä...

You may provide a definition with
\DeclareUnicodeCharacter 


! LaTeX Error: Unicode character –æ (U+043E)
               not set up for use with LaTeX.

See the LaTeX manual or LaTeX Companion for explanation.
Type  H <return>  for immediate help.
 ...                                              
                                                  
l.4 ...∏–∫–∏, –∏—Å–ø–æ–ª—å–∑—É–µ–º—ã–µ –≤ –∏–Ω—Ñ–æ
                                                  —Ä–º–∞—Ç–∏–∫–µ –∏ –æ–±—Ä–∞...

You may provide a definition with
\DeclareUnicodeCharacter 


! LaTeX Error: Unicode character —Ä (U+0440)
               not set up for use with LaTeX.

See the LaTeX manual or LaTeX Companion for explanation.
Type  H <return>  for immediate help.
 ...                                              
                                                  
l.4 ...∫–∏, –∏—Å–ø–æ–ª—å–∑—É–µ–º—ã–µ –≤ –∏–Ω—Ñ–æ—Ä
                                                  –º–∞—Ç–∏–∫–µ –∏ –æ–±—Ä–∞–±...

You may provide a definition with
\DeclareUnicodeCharacter 


! LaTeX Error: Unicode character –º (U+043C)
               not set up for use with LaTeX.

See the LaTeX manual or LaTeX Companion for explanation.
Type  H <return>  for immediate help.
 ...                                              
                                                  
l.4 ...∏, –∏—Å–ø–æ–ª—å–∑—É–µ–º—ã–µ –≤ –∏–Ω—Ñ–æ—Ä–º
                                                  –∞—Ç–∏–∫–µ –∏ –æ–±—Ä–∞–±–æ...

You may provide a definition with
\DeclareUnicodeCharacter 


! LaTeX Error: Unicode character –∞ (U+0430)
               not set up for use with LaTeX.

See the LaTeX manual or LaTeX Companion for explanation.
Type  H <return>  for immediate help.
 ...                                              
                                                  
l.4 ... –∏—Å–ø–æ–ª—å–∑—É–µ–º—ã–µ –≤ –∏–Ω—Ñ–æ—Ä–º–∞
                                                  —Ç–∏–∫–µ –∏ –æ–±—Ä–∞–±–æ—Ç...

You may provide a definition with
\DeclareUnicodeCharacter 


! LaTeX Error: Unicode character —Ç (U+0442)
               not set up for use with LaTeX.

See the LaTeX manual or LaTeX Companion for explanation.
Type  H <return>  for immediate help.
 ...                                              
                                                  
l.4 ...∏—Å–ø–æ–ª—å–∑—É–µ–º—ã–µ –≤ –∏–Ω—Ñ–æ—Ä–º–∞—Ç
                                                  –∏–∫–µ –∏ –æ–±—Ä–∞–±–æ—Ç–∫...

You may provide a definition with
\DeclareUnicodeCharacter 


! LaTeX Error: Unicode character –∏ (U+0438)
               not set up for use with LaTeX.

See the LaTeX manual or LaTeX Companion for explanation.
Type  H <return>  for immediate help.
 ...                                              
                                                  
l.4 ...Å–ø–æ–ª—å–∑—É–µ–º—ã–µ –≤ –∏–Ω—Ñ–æ—Ä–º–∞—Ç–∏
                                                  –∫–µ –∏ –æ–±—Ä–∞–±–æ—Ç–∫–µ...

You may provide a definition with
\DeclareUnicodeCharacter 


! LaTeX Error: Unicode character –∫ (U+043A)
               not set up for use with LaTeX.

See the LaTeX manual or LaTeX Companion for explanation.
Type  H <return>  for immediate help.
 ...                                              
                                                  
l.4 ...ø–æ–ª—å–∑—É–µ–º—ã–µ –≤ –∏–Ω—Ñ–æ—Ä–º–∞—Ç–∏–∫
                                                  –µ –∏ –æ–±—Ä–∞–±–æ—Ç–∫–µ —...

You may provide a definition with
\DeclareUnicodeCharacter 


! LaTeX Error: Unicode character –µ (U+0435)
               not set up for use with LaTeX.

See the LaTeX manual or LaTeX Companion for explanation.
Type  H <return>  for immediate help.
 ...                                              
                                                  
l.4 ...æ–ª—å–∑—É–µ–º—ã–µ –≤ –∏–Ω—Ñ–æ—Ä–º–∞—Ç–∏–∫–µ
                                                   –∏ –æ–±—Ä–∞–±–æ—Ç–∫–µ —Ç–...

You may provide a definition with
\DeclareUnicodeCharacter 


! LaTeX Error: Unicode character –∏ (U+0438)
               not set up for use with LaTeX.

See the LaTeX manual or LaTeX Companion for explanation.
Type  H <return>  for immediate help.
 ...                                              
                                                  
l.4 ...—å–∑—É–µ–º—ã–µ –≤ –∏–Ω—Ñ–æ—Ä–º–∞—Ç–∏–∫–µ –∏
                                                   –æ–±—Ä–∞–±–æ—Ç–∫–µ —Ç–µ–∫...

You may provide a definition with
\DeclareUnicodeCharacter 


! LaTeX Error: Unicode character –æ (U+043E)
               not set up for use with LaTeX.

See the LaTeX manual or LaTeX Companion for explanation.
Type  H <return>  for immediate help.
 ...                                              
                                                  
l.4 ...∑—É–µ–º—ã–µ –≤ –∏–Ω—Ñ–æ—Ä–º–∞—Ç–∏–∫–µ –∏ –æ
                                                  –±—Ä–∞–±–æ—Ç–∫–µ —Ç–µ–∫—Å—...

You may provide a definition with
\DeclareUnicodeCharacter 


! LaTeX Error: Unicode character –± (U+0431)
               not set up for use with LaTeX.

See the LaTeX manual or LaTeX Companion for explanation.
Type  H <return>  for immediate help.
 ...                                              
                                                  
l.4 ...É–µ–º—ã–µ –≤ –∏–Ω—Ñ–æ—Ä–º–∞—Ç–∏–∫–µ –∏ –æ–±
                                                  —Ä–∞–±–æ—Ç–∫–µ —Ç–µ–∫—Å—Ç–...

You may provide a definition with
\DeclareUnicodeCharacter 


! LaTeX Error: Unicode character —Ä (U+0440)
               not set up for use with LaTeX.

See the LaTeX manual or LaTeX Companion for explanation.
Type  H <return>  for immediate help.
 ...                                              
                                                  
l.4 ...µ–º—ã–µ –≤ –∏–Ω—Ñ–æ—Ä–º–∞—Ç–∏–∫–µ –∏ –æ–±—Ä
                                                  –∞–±–æ—Ç–∫–µ —Ç–µ–∫—Å—Ç–∞ ...

You may provide a definition with
\DeclareUnicodeCharacter 


! LaTeX Error: Unicode character –∞ (U+0430)
               not set up for use with LaTeX.

See the LaTeX manual or LaTeX Companion for explanation.
Type  H <return>  for immediate help.
 ...                                              
                                                  
l.4 ...º—ã–µ –≤ –∏–Ω—Ñ–æ—Ä–º–∞—Ç–∏–∫–µ –∏ –æ–±—Ä–∞
                                                  –±–æ—Ç–∫–µ —Ç–µ–∫—Å—Ç–∞ –¥...

You may provide a definition with
\DeclareUnicodeCharacter 


! LaTeX Error: Unicode character –± (U+0431)
               not set up for use with LaTeX.

See the LaTeX manual or LaTeX Companion for explanation.
Type  H <return>  for immediate help.
 ...                                              
                                                  
l.4 ...ã–µ –≤ –∏–Ω—Ñ–æ—Ä–º–∞—Ç–∏–∫–µ –∏ –æ–±—Ä–∞–±
                                                  –æ—Ç–∫–µ —Ç–µ–∫—Å—Ç–∞ –¥–ª...

You may provide a definition with
\DeclareUnicodeCharacter 


! LaTeX Error: Unicode character –æ (U+043E)
               not set up for use with LaTeX.

See the LaTeX manual or LaTeX Companion for explanation.
Type  H <return>  for immediate help.
 ...                                              
                                                  
l.4 ...µ –≤ –∏–Ω—Ñ–æ—Ä–º–∞—Ç–∏–∫–µ –∏ –æ–±—Ä–∞–±–æ
                                                  —Ç–∫–µ —Ç–µ–∫—Å—Ç–∞ –¥–ª—è...

You may provide a definition with
\DeclareUnicodeCharacter 


! LaTeX Error: Unicode character —Ç (U+0442)
               not set up for use with LaTeX.

See the LaTeX manual or LaTeX Companion for explanation.
Type  H <return>  for immediate help.
 ...                                              
                                                  
l.4 ...–≤ –∏–Ω—Ñ–æ—Ä–º–∞—Ç–∏–∫–µ –∏ –æ–±—Ä–∞–±–æ—Ç
                                                  –∫–µ —Ç–µ–∫—Å—Ç–∞ –¥–ª—è –...

You may provide a definition with
\DeclareUnicodeCharacter 


! LaTeX Error: Unicode character –∫ (U+043A)
               not set up for use with LaTeX.

See the LaTeX manual or LaTeX Companion for explanation.
Type  H <return>  for immediate help.
 ...                                              
                                                  
l.4 ... –∏–Ω—Ñ–æ—Ä–º–∞—Ç–∏–∫–µ –∏ –æ–±—Ä–∞–±–æ—Ç–∫
                                                  –µ —Ç–µ–∫—Å—Ç–∞ –¥–ª—è –∏–...

You may provide a definition with
\DeclareUnicodeCharacter 


! LaTeX Error: Unicode character –µ (U+0435)
               not set up for use with LaTeX.

See the LaTeX manual or LaTeX Companion for explanation.
Type  H <return>  for immediate help.
 ...                                              
                                                  
l.4 ...∏–Ω—Ñ–æ—Ä–º–∞—Ç–∏–∫–µ –∏ –æ–±—Ä–∞–±–æ—Ç–∫–µ
                                                   —Ç–µ–∫—Å—Ç–∞ –¥–ª—è –∏–∑–...

You may provide a definition with
\DeclareUnicodeCharacter 


! LaTeX Error: Unicode character —Ç (U+0442)
               not set up for use with LaTeX.

See the LaTeX manual or LaTeX Companion for explanation.
Type  H <return>  for immediate help.
 ...                                              
                                                  
l.4 ...—Ñ–æ—Ä–º–∞—Ç–∏–∫–µ –∏ –æ–±—Ä–∞–±–æ—Ç–∫–µ —Ç
                                                  –µ–∫—Å—Ç–∞ –¥–ª—è –∏–∑–º–µ...

You may provide a definition with
\DeclareUnicodeCharacter 


! LaTeX Error: Unicode character –µ (U+0435)
               not set up for use with LaTeX.

See the LaTeX manual or LaTeX Companion for explanation.
Type  H <return>  for immediate help.
 ...                                              
                                                  
l.4 ...–æ—Ä–º–∞—Ç–∏–∫–µ –∏ –æ–±—Ä–∞–±–æ—Ç–∫–µ —Ç–µ
                                                  –∫—Å—Ç–∞ –¥–ª—è –∏–∑–º–µ—Ä...

You may provide a definition with
\DeclareUnicodeCharacter 


! LaTeX Error: Unicode character –∫ (U+043A)
               not set up for use with LaTeX.

See the LaTeX manual or LaTeX Companion for explanation.
Type  H <return>  for immediate help.
 ...                                              
                                                  
l.4 ...—Ä–º–∞—Ç–∏–∫–µ –∏ –æ–±—Ä–∞–±–æ—Ç–∫–µ —Ç–µ–∫
                                                  —Å—Ç–∞ –¥–ª—è –∏–∑–º–µ—Ä–µ...

You may provide a definition with
\DeclareUnicodeCharacter 


! LaTeX Error: Unicode character —Å (U+0441)
               not set up for use with LaTeX.

See the LaTeX manual or LaTeX Companion for explanation.
Type  H <return>  for immediate help.
 ...                                              
                                                  
l.4 ...–º–∞—Ç–∏–∫–µ –∏ –æ–±—Ä–∞–±–æ—Ç–∫–µ —Ç–µ–∫—Å
                                                  —Ç–∞ –¥–ª—è –∏–∑–º–µ—Ä–µ–Ω...

You may provide a definition with
\DeclareUnicodeCharacter 


! LaTeX Error: Unicode character —Ç (U+0442)
               not set up for use with LaTeX.

See the LaTeX manual or LaTeX Companion for explanation.
Type  H <return>  for immediate help.
 ...                                              
                                                  
l.4 ...–∞—Ç–∏–∫–µ –∏ –æ–±—Ä–∞–±–æ—Ç–∫–µ —Ç–µ–∫—Å—Ç
                                                  –∞ –¥–ª—è –∏–∑–º–µ—Ä–µ–Ω–∏...

You may provide a definition with
\DeclareUnicodeCharacter 


! LaTeX Error: Unicode character –∞ (U+0430)
               not set up for use with LaTeX.

See the LaTeX manual or LaTeX Companion for explanation.
Type  H <return>  for immediate help.
 ...                                              
                                                  
l.4 ...—Ç–∏–∫–µ –∏ –æ–±—Ä–∞–±–æ—Ç–∫–µ —Ç–µ–∫—Å—Ç–∞
                                                   –¥–ª—è –∏–∑–º–µ—Ä–µ–Ω–∏—è...

You may provide a definition with
\DeclareUnicodeCharacter 


! LaTeX Error: Unicode character –¥ (U+0434)
               not set up for use with LaTeX.

See the LaTeX manual or LaTeX Companion for explanation.
Type  H <return>  for immediate help.
 ...                                              
                                                  
l.4 ...∏–∫–µ –∏ –æ–±—Ä–∞–±–æ—Ç–∫–µ —Ç–µ–∫—Å—Ç–∞ –¥
                                                  –ª—è –∏–∑–º–µ—Ä–µ–Ω–∏—è —Ä...

You may provide a definition with
\DeclareUnicodeCharacter 


! LaTeX Error: Unicode character –ª (U+043B)
               not set up for use with LaTeX.

See the LaTeX manual or LaTeX Companion for explanation.
Type  H <return>  for immediate help.
 ...                                              
                                                  
l.4 ...∫–µ –∏ –æ–±—Ä–∞–±–æ—Ç–∫–µ —Ç–µ–∫—Å—Ç–∞ –¥–ª
                                                  —è –∏–∑–º–µ—Ä–µ–Ω–∏—è —Ä–∞...

You may provide a definition with
\DeclareUnicodeCharacter 


! LaTeX Error: Unicode character —è (U+044F)
               not set up for use with LaTeX.

See the LaTeX manual or LaTeX Companion for explanation.
Type  H <return>  for immediate help.
 ...                                              
                                                  
l.4 ...µ –∏ –æ–±—Ä–∞–±–æ—Ç–∫–µ —Ç–µ–∫—Å—Ç–∞ –¥–ª—è
                                                   –∏–∑–º–µ—Ä–µ–Ω–∏—è —Ä–∞–∑...

You may provide a definition with
\DeclareUnicodeCharacter 


! LaTeX Error: Unicode character –∏ (U+0438)
               not set up for use with LaTeX.

See the LaTeX manual or LaTeX Companion for explanation.
Type  H <return>  for immediate help.
 ...                                              
                                                  
l.4 ...∏ –æ–±—Ä–∞–±–æ—Ç–∫–µ —Ç–µ–∫—Å—Ç–∞ –¥–ª—è –∏
                                                  –∑–º–µ—Ä–µ–Ω–∏—è —Ä–∞–∑–ª–...

You may provide a definition with
\DeclareUnicodeCharacter 


! LaTeX Error: Unicode character –∑ (U+0437)
               not set up for use with LaTeX.

See the LaTeX manual or LaTeX Companion for explanation.
Type  H <return>  for immediate help.
 ...                                              
                                                  
l.4 ...–æ–±—Ä–∞–±–æ—Ç–∫–µ —Ç–µ–∫—Å—Ç–∞ –¥–ª—è –∏–∑
                                                  –º–µ—Ä–µ–Ω–∏—è —Ä–∞–∑–ª–∏—...

You may provide a definition with
\DeclareUnicodeCharacter 


! LaTeX Error: Unicode character –º (U+043C)
               not set up for use with LaTeX.

See the LaTeX manual or LaTeX Companion for explanation.
Type  H <return>  for immediate help.
 ...                                              
                                                  
l.4 ...–±—Ä–∞–±–æ—Ç–∫–µ —Ç–µ–∫—Å—Ç–∞ –¥–ª—è –∏–∑–º
                                                  –µ—Ä–µ–Ω–∏—è —Ä–∞–∑–ª–∏—á–...

You may provide a definition with
\DeclareUnicodeCharacter 


! LaTeX Error: Unicode character –µ (U+0435)
               not set up for use with LaTeX.

See the LaTeX manual or LaTeX Companion for explanation.
Type  H <return>  for immediate help.
 ...                                              
                                                  
l.4 ...—Ä–∞–±–æ—Ç–∫–µ —Ç–µ–∫—Å—Ç–∞ –¥–ª—è –∏–∑–º–µ
                                                  —Ä–µ–Ω–∏—è —Ä–∞–∑–ª–∏—á–∏–...

You may provide a definition with
\DeclareUnicodeCharacter 


! LaTeX Error: Unicode character —Ä (U+0440)
               not set up for use with LaTeX.

See the LaTeX manual or LaTeX Companion for explanation.
Type  H <return>  for immediate help.
 ...                                              
                                                  
l.4 ...–∞–±–æ—Ç–∫–µ —Ç–µ–∫—Å—Ç–∞ –¥–ª—è –∏–∑–º–µ—Ä
                                                  –µ–Ω–∏—è —Ä–∞–∑–ª–∏—á–∏–π ...

You may provide a definition with
\DeclareUnicodeCharacter 


! LaTeX Error: Unicode character –µ (U+0435)
               not set up for use with LaTeX.

See the LaTeX manual or LaTeX Companion for explanation.
Type  H <return>  for immediate help.
 ...                                              
                                                  
l.4 ...–±–æ—Ç–∫–µ —Ç–µ–∫—Å—Ç–∞ –¥–ª—è –∏–∑–º–µ—Ä–µ
                                                  –Ω–∏—è —Ä–∞–∑–ª–∏—á–∏–π –º...

You may provide a definition with
\DeclareUnicodeCharacter 


! LaTeX Error: Unicode character –Ω (U+043D)
               not set up for use with LaTeX.

See the LaTeX manual or LaTeX Companion for explanation.
Type  H <return>  for immediate help.
 ...                                              
                                                  
l.4 ...–æ—Ç–∫–µ —Ç–µ–∫—Å—Ç–∞ –¥–ª—è –∏–∑–º–µ—Ä–µ–Ω
                                                  –∏—è —Ä–∞–∑–ª–∏—á–∏–π –º–µ...

You may provide a definition with
\DeclareUnicodeCharacter 


! LaTeX Error: Unicode character –∏ (U+0438)
               not set up for use with LaTeX.

See the LaTeX manual or LaTeX Companion for explanation.
Type  H <return>  for immediate help.
 ...                                              
                                                  
l.4 ...—Ç–∫–µ —Ç–µ–∫—Å—Ç–∞ –¥–ª—è –∏–∑–º–µ—Ä–µ–Ω–∏
                                                  —è —Ä–∞–∑–ª–∏—á–∏–π –º–µ–∂...

You may provide a definition with
\DeclareUnicodeCharacter 


! LaTeX Error: Unicode character —è (U+044F)
               not set up for use with LaTeX.

See the LaTeX manual or LaTeX Companion for explanation.
Type  H <return>  for immediate help.
 ...                                              
                                                  
l.4 ...–∫–µ —Ç–µ–∫—Å—Ç–∞ –¥–ª—è –∏–∑–º–µ—Ä–µ–Ω–∏—è
                                                   —Ä–∞–∑–ª–∏—á–∏–π –º–µ–∂–¥...

You may provide a definition with
\DeclareUnicodeCharacter 


! LaTeX Error: Unicode character —Ä (U+0440)
               not set up for use with LaTeX.

See the LaTeX manual or LaTeX Companion for explanation.
Type  H <return>  for immediate help.
 ...                                              
                                                  
l.4 ...µ —Ç–µ–∫—Å—Ç–∞ –¥–ª—è –∏–∑–º–µ—Ä–µ–Ω–∏—è —Ä
                                                  –∞–∑–ª–∏—á–∏–π –º–µ–∂–¥—É ...

You may provide a definition with
\DeclareUnicodeCharacter 


! LaTeX Error: Unicode character –∞ (U+0430)
               not set up for use with LaTeX.

See the LaTeX manual or LaTeX Companion for explanation.
Type  H <return>  for immediate help.
 ...                                              
                                                  
l.4 ...—Ç–µ–∫—Å—Ç–∞ –¥–ª—è –∏–∑–º–µ—Ä–µ–Ω–∏—è —Ä–∞
                                                  –∑–ª–∏—á–∏–π –º–µ–∂–¥—É –¥...

You may provide a definition with
\DeclareUnicodeCharacter 


! LaTeX Error: Unicode character –∑ (U+0437)
               not set up for use with LaTeX.

See the LaTeX manual or LaTeX Companion for explanation.
Type  H <return>  for immediate help.
 ...                                              
                                                  
l.4 ...–µ–∫—Å—Ç–∞ –¥–ª—è –∏–∑–º–µ—Ä–µ–Ω–∏—è —Ä–∞–∑
                                                  –ª–∏—á–∏–π –º–µ–∂–¥—É –¥–≤...

You may provide a definition with
\DeclareUnicodeCharacter 


! LaTeX Error: Unicode character –ª (U+043B)
               not set up for use with LaTeX.

See the LaTeX manual or LaTeX Companion for explanation.
Type  H <return>  for immediate help.
 ...                                              
                                                  
l.4 ...–∫—Å—Ç–∞ –¥–ª—è –∏–∑–º–µ—Ä–µ–Ω–∏—è —Ä–∞–∑–ª
                                                  –∏—á–∏–π –º–µ–∂–¥—É –¥–≤—É...

You may provide a definition with
\DeclareUnicodeCharacter 


! LaTeX Error: Unicode character –∏ (U+0438)
               not set up for use with LaTeX.

See the LaTeX manual or LaTeX Companion for explanation.
Type  H <return>  for immediate help.
 ...                                              
                                                  
l.4 ...—Å—Ç–∞ –¥–ª—è –∏–∑–º–µ—Ä–µ–Ω–∏—è —Ä–∞–∑–ª–∏
                                                  —á–∏–π –º–µ–∂–¥—É –¥–≤—É–º...

You may provide a definition with
\DeclareUnicodeCharacter 


! LaTeX Error: Unicode character —á (U+0447)
               not set up for use with LaTeX.

See the LaTeX manual or LaTeX Companion for explanation.
Type  H <return>  for immediate help.
 ...                                              
                                                  
l.4 ...—Ç–∞ –¥–ª—è –∏–∑–º–µ—Ä–µ–Ω–∏—è —Ä–∞–∑–ª–∏—á
                                                  –∏–π –º–µ–∂–¥—É –¥–≤—É–º—è...
(That makes 100 errors; please try again.) 
Here is how much of TeX's memory you used:
 50 strings out of 475502
 936 string characters out of 5771629
 1916248 words of memory out of 5000000
 21418 multiletter control sequences out of 15000+600000
 558069 words of font info for 36 fonts, out of 8000000 for 9000
 1141 hyphenation exceptions out of 8191
 15i,0n,20p,821b,22s stack positions out of 10000i,1000n,20000p,200000b,200000s

!  ==> Fatal error occurred, no output PDF file produced!
