This is pdfTeX, Version 3.141592653-2.6-1.40.25 (MiKTeX 23.4) (preloaded format=pdflatex 2023.9.3)  3 SEP 2023 14:59
entering extended mode
 restricted \write18 enabled.
 %&-line parsing enabled.
**D:/5_semester/AA/lab_01/docs/analysis.tex
(D:/5_semester/AA/lab_01/docs/analysis.tex
LaTeX2e <2022-11-01> patch level 1
L3 programming layer <2023-03-30>
! Undefined control sequence.
l.1 \chapter
            {–ê–Ω–∞–ª–∏—Ç–∏—á–µ—Å–∫–∞—è —á–∞—Å—Ç—å}
The control sequence at the end of the top line
of your error message was never \def'ed. If you have
misspelled it (e.g., `\hobx'), type `I' and the correct
spelling (e.g., `I\hbox'). Otherwise just continue,
and I'll forget about whatever was undefined.


! LaTeX Error: Unicode character –ê (U+0410)
               not set up for use with LaTeX.

See the LaTeX manual or LaTeX Companion for explanation.
Type  H <return>  for immediate help.
 ...                                              
                                                  
l.1 \chapter{–ê
               –Ω–∞–ª–∏—Ç–∏—á–µ—Å–∫–∞—è —á–∞—Å—Ç—å}
You may provide a definition with
\DeclareUnicodeCharacter 


! LaTeX Error: Unicode character –Ω (U+043D)
               not set up for use with LaTeX.

See the LaTeX manual or LaTeX Companion for explanation.
Type  H <return>  for immediate help.
 ...                                              
                                                  
l.1 \chapter{–ê–Ω
                 –∞–ª–∏—Ç–∏—á–µ—Å–∫–∞—è —á–∞—Å—Ç—å}
You may provide a definition with
\DeclareUnicodeCharacter 


! LaTeX Error: Unicode character –∞ (U+0430)
               not set up for use with LaTeX.

See the LaTeX manual or LaTeX Companion for explanation.
Type  H <return>  for immediate help.
 ...                                              
                                                  
l.1 \chapter{–ê–Ω–∞
                   –ª–∏—Ç–∏—á–µ—Å–∫–∞—è —á–∞—Å—Ç—å}
You may provide a definition with
\DeclareUnicodeCharacter 


! LaTeX Error: Unicode character –ª (U+043B)
               not set up for use with LaTeX.

See the LaTeX manual or LaTeX Companion for explanation.
Type  H <return>  for immediate help.
 ...                                              
                                                  
l.1 \chapter{–ê–Ω–∞–ª
                     –∏—Ç–∏—á–µ—Å–∫–∞—è —á–∞—Å—Ç—å}
You may provide a definition with
\DeclareUnicodeCharacter 


! LaTeX Error: Unicode character –∏ (U+0438)
               not set up for use with LaTeX.

See the LaTeX manual or LaTeX Companion for explanation.
Type  H <return>  for immediate help.
 ...                                              
                                                  
l.1 \chapter{–ê–Ω–∞–ª–∏
                       —Ç–∏—á–µ—Å–∫–∞—è —á–∞—Å—Ç—å}
You may provide a definition with
\DeclareUnicodeCharacter 


! LaTeX Error: Unicode character —Ç (U+0442)
               not set up for use with LaTeX.

See the LaTeX manual or LaTeX Companion for explanation.
Type  H <return>  for immediate help.
 ...                                              
                                                  
l.1 \chapter{–ê–Ω–∞–ª–∏—Ç
                         –∏—á–µ—Å–∫–∞—è —á–∞—Å—Ç—å}
You may provide a definition with
\DeclareUnicodeCharacter 


! LaTeX Error: Unicode character –∏ (U+0438)
               not set up for use with LaTeX.

See the LaTeX manual or LaTeX Companion for explanation.
Type  H <return>  for immediate help.
 ...                                              
                                                  
l.1 \chapter{–ê–Ω–∞–ª–∏—Ç–∏
                           —á–µ—Å–∫–∞—è —á–∞—Å—Ç—å}
You may provide a definition with
\DeclareUnicodeCharacter 


! LaTeX Error: Unicode character —á (U+0447)
               not set up for use with LaTeX.

See the LaTeX manual or LaTeX Companion for explanation.
Type  H <return>  for immediate help.
 ...                                              
                                                  
l.1 \chapter{–ê–Ω–∞–ª–∏—Ç–∏—á
                             –µ—Å–∫–∞—è —á–∞—Å—Ç—å}
You may provide a definition with
\DeclareUnicodeCharacter 


! LaTeX Error: Unicode character –µ (U+0435)
               not set up for use with LaTeX.

See the LaTeX manual or LaTeX Companion for explanation.
Type  H <return>  for immediate help.
 ...                                              
                                                  
l.1 \chapter{–ê–Ω–∞–ª–∏—Ç–∏—á–µ
                               —Å–∫–∞—è —á–∞—Å—Ç—å}
You may provide a definition with
\DeclareUnicodeCharacter 


! LaTeX Error: Unicode character —Å (U+0441)
               not set up for use with LaTeX.

See the LaTeX manual or LaTeX Companion for explanation.
Type  H <return>  for immediate help.
 ...                                              
                                                  
l.1 \chapter{–ê–Ω–∞–ª–∏—Ç–∏—á–µ—Å
                                 –∫–∞—è —á–∞—Å—Ç—å}
You may provide a definition with
\DeclareUnicodeCharacter 


! LaTeX Error: Unicode character –∫ (U+043A)
               not set up for use with LaTeX.

See the LaTeX manual or LaTeX Companion for explanation.
Type  H <return>  for immediate help.
 ...                                              
                                                  
l.1 \chapter{–ê–Ω–∞–ª–∏—Ç–∏—á–µ—Å–∫
                                   –∞—è —á–∞—Å—Ç—å}
You may provide a definition with
\DeclareUnicodeCharacter 


! LaTeX Error: Unicode character –∞ (U+0430)
               not set up for use with LaTeX.

See the LaTeX manual or LaTeX Companion for explanation.
Type  H <return>  for immediate help.
 ...                                              
                                                  
l.1 \chapter{–ê–Ω–∞–ª–∏—Ç–∏—á–µ—Å–∫–∞
                                     —è —á–∞—Å—Ç—å}
You may provide a definition with
\DeclareUnicodeCharacter 


! LaTeX Error: Unicode character —è (U+044F)
               not set up for use with LaTeX.

See the LaTeX manual or LaTeX Companion for explanation.
Type  H <return>  for immediate help.
 ...                                              
                                                  
l.1 \chapter{–ê–Ω–∞–ª–∏—Ç–∏—á–µ—Å–∫–∞—è
                                        —á–∞—Å—Ç—å}
You may provide a definition with
\DeclareUnicodeCharacter 


! LaTeX Error: Unicode character —á (U+0447)
               not set up for use with LaTeX.

See the LaTeX manual or LaTeX Companion for explanation.
Type  H <return>  for immediate help.
 ...                                              
                                                  
l.1 \chapter{–ê–Ω–∞–ª–∏—Ç–∏—á–µ—Å–∫–∞—è —á
                                          –∞—Å—Ç—å}
You may provide a definition with
\DeclareUnicodeCharacter 


! LaTeX Error: Unicode character –∞ (U+0430)
               not set up for use with LaTeX.

See the LaTeX manual or LaTeX Companion for explanation.
Type  H <return>  for immediate help.
 ...                                              
                                                  
l.1 \chapter{–ê–Ω–∞–ª–∏—Ç–∏—á–µ—Å–∫–∞—è —á–∞
                                            —Å—Ç—å}
You may provide a definition with
\DeclareUnicodeCharacter 


! LaTeX Error: Unicode character —Å (U+0441)
               not set up for use with LaTeX.

See the LaTeX manual or LaTeX Companion for explanation.
Type  H <return>  for immediate help.
 ...                                              
                                                  
l.1 \chapter{–ê–Ω–∞–ª–∏—Ç–∏—á–µ—Å–∫–∞—è —á–∞—Å
                                              —Ç—å}
You may provide a definition with
\DeclareUnicodeCharacter 


! LaTeX Error: Unicode character —Ç (U+0442)
               not set up for use with LaTeX.

See the LaTeX manual or LaTeX Companion for explanation.
Type  H <return>  for immediate help.
 ...                                              
                                                  
l.1 \chapter{–ê–Ω–∞–ª–∏—Ç–∏—á–µ—Å–∫–∞—è —á–∞—Å—Ç
                                                —å}
You may provide a definition with
\DeclareUnicodeCharacter 


! LaTeX Error: Unicode character —å (U+044C)
               not set up for use with LaTeX.

See the LaTeX manual or LaTeX Companion for explanation.
Type  H <return>  for immediate help.
 ...                                              
                                                  
l.1 \chapter{–ê–Ω–∞–ª–∏—Ç–∏—á–µ—Å–∫–∞—è —á–∞—Å—Ç—å
                                                  }
You may provide a definition with
\DeclareUnicodeCharacter 

! Undefined control sequence.
l.3 \section
            {–¶–µ–ª—å –∏ –∑–∞–¥–∞—á–∏}
The control sequence at the end of the top line
of your error message was never \def'ed. If you have
misspelled it (e.g., `\hobx'), type `I' and the correct
spelling (e.g., `I\hbox'). Otherwise just continue,
and I'll forget about whatever was undefined.


! LaTeX Error: Unicode character –¶ (U+0426)
               not set up for use with LaTeX.

See the LaTeX manual or LaTeX Companion for explanation.
Type  H <return>  for immediate help.
 ...                                              
                                                  
l.3 \section{–¶
               –µ–ª—å –∏ –∑–∞–¥–∞—á–∏}
You may provide a definition with
\DeclareUnicodeCharacter 


! LaTeX Error: Unicode character –µ (U+0435)
               not set up for use with LaTeX.

See the LaTeX manual or LaTeX Companion for explanation.
Type  H <return>  for immediate help.
 ...                                              
                                                  
l.3 \section{–¶–µ
                 –ª—å –∏ –∑–∞–¥–∞—á–∏}
You may provide a definition with
\DeclareUnicodeCharacter 


! LaTeX Error: Unicode character –ª (U+043B)
               not set up for use with LaTeX.

See the LaTeX manual or LaTeX Companion for explanation.
Type  H <return>  for immediate help.
 ...                                              
                                                  
l.3 \section{–¶–µ–ª
                   —å –∏ –∑–∞–¥–∞—á–∏}
You may provide a definition with
\DeclareUnicodeCharacter 


! LaTeX Error: Unicode character —å (U+044C)
               not set up for use with LaTeX.

See the LaTeX manual or LaTeX Companion for explanation.
Type  H <return>  for immediate help.
 ...                                              
                                                  
l.3 \section{–¶–µ–ª—å
                      –∏ –∑–∞–¥–∞—á–∏}
You may provide a definition with
\DeclareUnicodeCharacter 


! LaTeX Error: Unicode character –∏ (U+0438)
               not set up for use with LaTeX.

See the LaTeX manual or LaTeX Companion for explanation.
Type  H <return>  for immediate help.
 ...                                              
                                                  
l.3 \section{–¶–µ–ª—å –∏
                         –∑–∞–¥–∞—á–∏}
You may provide a definition with
\DeclareUnicodeCharacter 


! LaTeX Error: Unicode character –∑ (U+0437)
               not set up for use with LaTeX.

See the LaTeX manual or LaTeX Companion for explanation.
Type  H <return>  for immediate help.
 ...                                              
                                                  
l.3 \section{–¶–µ–ª—å –∏ –∑
                           –∞–¥–∞—á–∏}
You may provide a definition with
\DeclareUnicodeCharacter 


! LaTeX Error: Unicode character –∞ (U+0430)
               not set up for use with LaTeX.

See the LaTeX manual or LaTeX Companion for explanation.
Type  H <return>  for immediate help.
 ...                                              
                                                  
l.3 \section{–¶–µ–ª—å –∏ –∑–∞
                             –¥–∞—á–∏}
You may provide a definition with
\DeclareUnicodeCharacter 


! LaTeX Error: Unicode character –¥ (U+0434)
               not set up for use with LaTeX.

See the LaTeX manual or LaTeX Companion for explanation.
Type  H <return>  for immediate help.
 ...                                              
                                                  
l.3 \section{–¶–µ–ª—å –∏ –∑–∞–¥
                               –∞—á–∏}
You may provide a definition with
\DeclareUnicodeCharacter 


! LaTeX Error: Unicode character –∞ (U+0430)
               not set up for use with LaTeX.

See the LaTeX manual or LaTeX Companion for explanation.
Type  H <return>  for immediate help.
 ...                                              
                                                  
l.3 \section{–¶–µ–ª—å –∏ –∑–∞–¥–∞
                                 —á–∏}
You may provide a definition with
\DeclareUnicodeCharacter 


! LaTeX Error: Unicode character —á (U+0447)
               not set up for use with LaTeX.

See the LaTeX manual or LaTeX Companion for explanation.
Type  H <return>  for immediate help.
 ...                                              
                                                  
l.3 \section{–¶–µ–ª—å –∏ –∑–∞–¥–∞—á
                                   –∏}
You may provide a definition with
\DeclareUnicodeCharacter 


! LaTeX Error: Unicode character –∏ (U+0438)
               not set up for use with LaTeX.

See the LaTeX manual or LaTeX Companion for explanation.
Type  H <return>  for immediate help.
 ...                                              
                                                  
l.3 \section{–¶–µ–ª—å –∏ –∑–∞–¥–∞—á–∏
                                     }
You may provide a definition with
\DeclareUnicodeCharacter 


! LaTeX Error: Missing \begin{document}.

See the LaTeX manual or LaTeX Companion for explanation.
Type  H <return>  for immediate help.
 ...                                              
                                                  
l.5  \textbf{–¶–µ–ª—å}
                       -- –∏–∑—É—á–µ–Ω–∏–µ –º–µ—Ç–æ–¥–∞ –¥–∏–Ω–∞–º–∏—á–µ—Å–∫...

You're in trouble here.  Try typing  <return>  to proceed.
If that doesn't work, type  X <return>  to quit.


! LaTeX Error: Unicode character –¶ (U+0426)
               not set up for use with LaTeX.

See the LaTeX manual or LaTeX Companion for explanation.
Type  H <return>  for immediate help.
 ...                                              
                                                  
l.5  \textbf{–¶–µ–ª—å}
                       -- –∏–∑—É—á–µ–Ω–∏–µ –º–µ—Ç–æ–¥–∞ –¥–∏–Ω–∞–º–∏—á–µ—Å–∫...

You may provide a definition with
\DeclareUnicodeCharacter 


! LaTeX Error: Unicode character –µ (U+0435)
               not set up for use with LaTeX.

See the LaTeX manual or LaTeX Companion for explanation.
Type  H <return>  for immediate help.
 ...                                              
                                                  
l.5  \textbf{–¶–µ–ª—å}
                       -- –∏–∑—É—á–µ–Ω–∏–µ –º–µ—Ç–æ–¥–∞ –¥–∏–Ω–∞–º–∏—á–µ—Å–∫...

You may provide a definition with
\DeclareUnicodeCharacter 


! LaTeX Error: Unicode character –ª (U+043B)
               not set up for use with LaTeX.

See the LaTeX manual or LaTeX Companion for explanation.
Type  H <return>  for immediate help.
 ...                                              
                                                  
l.5  \textbf{–¶–µ–ª—å}
                       -- –∏–∑—É—á–µ–Ω–∏–µ –º–µ—Ç–æ–¥–∞ –¥–∏–Ω–∞–º–∏—á–µ—Å–∫...

You may provide a definition with
\DeclareUnicodeCharacter 


! LaTeX Error: Unicode character —å (U+044C)
               not set up for use with LaTeX.

See the LaTeX manual or LaTeX Companion for explanation.
Type  H <return>  for immediate help.
 ...                                              
                                                  
l.5  \textbf{–¶–µ–ª—å}
                       -- –∏–∑—É—á–µ–Ω–∏–µ –º–µ—Ç–æ–¥–∞ –¥–∏–Ω–∞–º–∏—á–µ—Å–∫...

You may provide a definition with
\DeclareUnicodeCharacter 

Missing character: There is no - in font nullfont!
Missing character: There is no - in font nullfont!

! LaTeX Error: Unicode character –∏ (U+0438)
               not set up for use with LaTeX.

See the LaTeX manual or LaTeX Companion for explanation.
Type  H <return>  for immediate help.
 ...                                              
                                                  
l.5  \textbf{–¶–µ–ª—å} -- –∏
                            –∑—É—á–µ–Ω–∏–µ –º–µ—Ç–æ–¥–∞ –¥–∏–Ω–∞–º–∏—á–µ—Å–∫...

You may provide a definition with
\DeclareUnicodeCharacter 


! LaTeX Error: Unicode character –∑ (U+0437)
               not set up for use with LaTeX.

See the LaTeX manual or LaTeX Companion for explanation.
Type  H <return>  for immediate help.
 ...                                              
                                                  
l.5  \textbf{–¶–µ–ª—å} -- –∏–∑
                              —É—á–µ–Ω–∏–µ –º–µ—Ç–æ–¥–∞ –¥–∏–Ω–∞–º–∏—á–µ—Å–∫...

You may provide a definition with
\DeclareUnicodeCharacter 


! LaTeX Error: Unicode character —É (U+0443)
               not set up for use with LaTeX.

See the LaTeX manual or LaTeX Companion for explanation.
Type  H <return>  for immediate help.
 ...                                              
                                                  
l.5  \textbf{–¶–µ–ª—å} -- –∏–∑—É
                                —á–µ–Ω–∏–µ –º–µ—Ç–æ–¥–∞ –¥–∏–Ω–∞–º–∏—á–µ—Å–∫...

You may provide a definition with
\DeclareUnicodeCharacter 


! LaTeX Error: Unicode character —á (U+0447)
               not set up for use with LaTeX.

See the LaTeX manual or LaTeX Companion for explanation.
Type  H <return>  for immediate help.
 ...                                              
                                                  
l.5  \textbf{–¶–µ–ª—å} -- –∏–∑—É—á
                                  –µ–Ω–∏–µ –º–µ—Ç–æ–¥–∞ –¥–∏–Ω–∞–º–∏—á–µ—Å–∫...

You may provide a definition with
\DeclareUnicodeCharacter 


! LaTeX Error: Unicode character –µ (U+0435)
               not set up for use with LaTeX.

See the LaTeX manual or LaTeX Companion for explanation.
Type  H <return>  for immediate help.
 ...                                              
                                                  
l.5  \textbf{–¶–µ–ª—å} -- –∏–∑—É—á–µ
                                    –Ω–∏–µ –º–µ—Ç–æ–¥–∞ –¥–∏–Ω–∞–º–∏—á–µ—Å–∫...

You may provide a definition with
\DeclareUnicodeCharacter 


! LaTeX Error: Unicode character –Ω (U+043D)
               not set up for use with LaTeX.

See the LaTeX manual or LaTeX Companion for explanation.
Type  H <return>  for immediate help.
 ...                                              
                                                  
l.5  \textbf{–¶–µ–ª—å} -- –∏–∑—É—á–µ–Ω
                                      –∏–µ –º–µ—Ç–æ–¥–∞ –¥–∏–Ω–∞–º–∏—á–µ—Å–∫...

You may provide a definition with
\DeclareUnicodeCharacter 


! LaTeX Error: Unicode character –∏ (U+0438)
               not set up for use with LaTeX.

See the LaTeX manual or LaTeX Companion for explanation.
Type  H <return>  for immediate help.
 ...                                              
                                                  
l.5  \textbf{–¶–µ–ª—å} -- –∏–∑—É—á–µ–Ω–∏
                                        –µ –º–µ—Ç–æ–¥–∞ –¥–∏–Ω–∞–º–∏—á–µ—Å–∫...

You may provide a definition with
\DeclareUnicodeCharacter 


! LaTeX Error: Unicode character –µ (U+0435)
               not set up for use with LaTeX.

See the LaTeX manual or LaTeX Companion for explanation.
Type  H <return>  for immediate help.
 ...                                              
                                                  
l.5  \textbf{–¶–µ–ª—å} -- –∏–∑—É—á–µ–Ω–∏–µ
                                           –º–µ—Ç–æ–¥–∞ –¥–∏–Ω–∞–º–∏—á–µ—Å–∫...

You may provide a definition with
\DeclareUnicodeCharacter 


! LaTeX Error: Unicode character –º (U+043C)
               not set up for use with LaTeX.

See the LaTeX manual or LaTeX Companion for explanation.
Type  H <return>  for immediate help.
 ...                                              
                                                  
l.5  \textbf{–¶–µ–ª—å} -- –∏–∑—É—á–µ–Ω–∏–µ –º
                                             –µ—Ç–æ–¥–∞ –¥–∏–Ω–∞–º–∏—á–µ—Å–∫...

You may provide a definition with
\DeclareUnicodeCharacter 


! LaTeX Error: Unicode character –µ (U+0435)
               not set up for use with LaTeX.

See the LaTeX manual or LaTeX Companion for explanation.
Type  H <return>  for immediate help.
 ...                                              
                                                  
l.5  \textbf{–¶–µ–ª—å} -- –∏–∑—É—á–µ–Ω–∏–µ –º–µ
                                               —Ç–æ–¥–∞ –¥–∏–Ω–∞–º–∏—á–µ—Å–∫...

You may provide a definition with
\DeclareUnicodeCharacter 


! LaTeX Error: Unicode character —Ç (U+0442)
               not set up for use with LaTeX.

See the LaTeX manual or LaTeX Companion for explanation.
Type  H <return>  for immediate help.
 ...                                              
                                                  
l.5  \textbf{–¶–µ–ª—å} -- –∏–∑—É—á–µ–Ω–∏–µ –º–µ—Ç
                                                 –æ–¥–∞ –¥–∏–Ω–∞–º–∏—á–µ—Å–∫...

You may provide a definition with
\DeclareUnicodeCharacter 


! LaTeX Error: Unicode character –æ (U+043E)
               not set up for use with LaTeX.

See the LaTeX manual or LaTeX Companion for explanation.
Type  H <return>  for immediate help.
 ...                                              
                                                  
l.5 ...xtbf{–¶–µ–ª—å} -- –∏–∑—É—á–µ–Ω–∏–µ –º–µ—Ç–æ
                                                  –¥–∞ –¥–∏–Ω–∞–º–∏—á–µ—Å–∫–...

You may provide a definition with
\DeclareUnicodeCharacter 


! LaTeX Error: Unicode character –¥ (U+0434)
               not set up for use with LaTeX.

See the LaTeX manual or LaTeX Companion for explanation.
Type  H <return>  for immediate help.
 ...                                              
                                                  
l.5 ...bf{–¶–µ–ª—å} -- –∏–∑—É—á–µ–Ω–∏–µ –º–µ—Ç–æ–¥
                                                  –∞ –¥–∏–Ω–∞–º–∏—á–µ—Å–∫–æ–...

You may provide a definition with
\DeclareUnicodeCharacter 


! LaTeX Error: Unicode character –∞ (U+0430)
               not set up for use with LaTeX.

See the LaTeX manual or LaTeX Companion for explanation.
Type  H <return>  for immediate help.
 ...                                              
                                                  
l.5 ...{–¶–µ–ª—å} -- –∏–∑—É—á–µ–Ω–∏–µ –º–µ—Ç–æ–¥–∞
                                                   –¥–∏–Ω–∞–º–∏—á–µ—Å–∫–æ–≥–...

You may provide a definition with
\DeclareUnicodeCharacter 


! LaTeX Error: Unicode character –¥ (U+0434)
               not set up for use with LaTeX.

See the LaTeX manual or LaTeX Companion for explanation.
Type  H <return>  for immediate help.
 ...                                              
                                                  
l.5 ...–µ–ª—å} -- –∏–∑—É—á–µ–Ω–∏–µ –º–µ—Ç–æ–¥–∞ –¥
                                                  –∏–Ω–∞–º–∏—á–µ—Å–∫–æ–≥–æ –...

You may provide a definition with
\DeclareUnicodeCharacter 


! LaTeX Error: Unicode character –∏ (U+0438)
               not set up for use with LaTeX.

See the LaTeX manual or LaTeX Companion for explanation.
Type  H <return>  for immediate help.
 ...                                              
                                                  
l.5 ...–ª—å} -- –∏–∑—É—á–µ–Ω–∏–µ –º–µ—Ç–æ–¥–∞ –¥–∏
                                                  –Ω–∞–º–∏—á–µ—Å–∫–æ–≥–æ –ø—...

You may provide a definition with
\DeclareUnicodeCharacter 


! LaTeX Error: Unicode character –Ω (U+043D)
               not set up for use with LaTeX.

See the LaTeX manual or LaTeX Companion for explanation.
Type  H <return>  for immediate help.
 ...                                              
                                                  
l.5 ...—å} -- –∏–∑—É—á–µ–Ω–∏–µ –º–µ—Ç–æ–¥–∞ –¥–∏–Ω
                                                  –∞–º–∏—á–µ—Å–∫–æ–≥–æ –ø—Ä–...

You may provide a definition with
\DeclareUnicodeCharacter 


! LaTeX Error: Unicode character –∞ (U+0430)
               not set up for use with LaTeX.

See the LaTeX manual or LaTeX Companion for explanation.
Type  H <return>  for immediate help.
 ...                                              
                                                  
l.5 ...} -- –∏–∑—É—á–µ–Ω–∏–µ –º–µ—Ç–æ–¥–∞ –¥–∏–Ω–∞
                                                  –º–∏—á–µ—Å–∫–æ–≥–æ –ø—Ä–æ–...

You may provide a definition with
\DeclareUnicodeCharacter 


! LaTeX Error: Unicode character –º (U+043C)
               not set up for use with LaTeX.

See the LaTeX manual or LaTeX Companion for explanation.
Type  H <return>  for immediate help.
 ...                                              
                                                  
l.5 ...-- –∏–∑—É—á–µ–Ω–∏–µ –º–µ—Ç–æ–¥–∞ –¥–∏–Ω–∞–º
                                                  –∏—á–µ—Å–∫–æ–≥–æ –ø—Ä–æ–≥—...

You may provide a definition with
\DeclareUnicodeCharacter 


! LaTeX Error: Unicode character –∏ (U+0438)
               not set up for use with LaTeX.

See the LaTeX manual or LaTeX Companion for explanation.
Type  H <return>  for immediate help.
 ...                                              
                                                  
l.5 ... –∏–∑—É—á–µ–Ω–∏–µ –º–µ—Ç–æ–¥–∞ –¥–∏–Ω–∞–º–∏
                                                  —á–µ—Å–∫–æ–≥–æ –ø—Ä–æ–≥—Ä–...

You may provide a definition with
\DeclareUnicodeCharacter 


! LaTeX Error: Unicode character —á (U+0447)
               not set up for use with LaTeX.

See the LaTeX manual or LaTeX Companion for explanation.
Type  H <return>  for immediate help.
 ...                                              
                                                  
l.5 ...∏–∑—É—á–µ–Ω–∏–µ –º–µ—Ç–æ–¥–∞ –¥–∏–Ω–∞–º–∏—á
                                                  –µ—Å–∫–æ–≥–æ –ø—Ä–æ–≥—Ä–∞–...

You may provide a definition with
\DeclareUnicodeCharacter 


! LaTeX Error: Unicode character –µ (U+0435)
               not set up for use with LaTeX.

See the LaTeX manual or LaTeX Companion for explanation.
Type  H <return>  for immediate help.
 ...                                              
                                                  
l.5 ...∑—É—á–µ–Ω–∏–µ –º–µ—Ç–æ–¥–∞ –¥–∏–Ω–∞–º–∏—á–µ
                                                  —Å–∫–æ–≥–æ –ø—Ä–æ–≥—Ä–∞–º–...

You may provide a definition with
\DeclareUnicodeCharacter 


! LaTeX Error: Unicode character —Å (U+0441)
               not set up for use with LaTeX.

See the LaTeX manual or LaTeX Companion for explanation.
Type  H <return>  for immediate help.
 ...                                              
                                                  
l.5 ...É—á–µ–Ω–∏–µ –º–µ—Ç–æ–¥–∞ –¥–∏–Ω–∞–º–∏—á–µ—Å
                                                  –∫–æ–≥–æ –ø—Ä–æ–≥—Ä–∞–º–º–...

You may provide a definition with
\DeclareUnicodeCharacter 


! LaTeX Error: Unicode character –∫ (U+043A)
               not set up for use with LaTeX.

See the LaTeX manual or LaTeX Companion for explanation.
Type  H <return>  for immediate help.
 ...                                              
                                                  
l.5 ...á–µ–Ω–∏–µ –º–µ—Ç–æ–¥–∞ –¥–∏–Ω–∞–º–∏—á–µ—Å–∫
                                                  –æ–≥–æ –ø—Ä–æ–≥—Ä–∞–º–º–∏—...

You may provide a definition with
\DeclareUnicodeCharacter 


! LaTeX Error: Unicode character –æ (U+043E)
               not set up for use with LaTeX.

See the LaTeX manual or LaTeX Companion for explanation.
Type  H <return>  for immediate help.
 ...                                              
                                                  
l.5 ...µ–Ω–∏–µ –º–µ—Ç–æ–¥–∞ –¥–∏–Ω–∞–º–∏—á–µ—Å–∫–æ
                                                  –≥–æ –ø—Ä–æ–≥—Ä–∞–º–º–∏—Ä–...

You may provide a definition with
\DeclareUnicodeCharacter 


! LaTeX Error: Unicode character –≥ (U+0433)
               not set up for use with LaTeX.

See the LaTeX manual or LaTeX Companion for explanation.
Type  H <return>  for immediate help.
 ...                                              
                                                  
l.5 ...Ω–∏–µ –º–µ—Ç–æ–¥–∞ –¥–∏–Ω–∞–º–∏—á–µ—Å–∫–æ–≥
                                                  –æ –ø—Ä–æ–≥—Ä–∞–º–º–∏—Ä–æ–...

You may provide a definition with
\DeclareUnicodeCharacter 


! LaTeX Error: Unicode character –æ (U+043E)
               not set up for use with LaTeX.

See the LaTeX manual or LaTeX Companion for explanation.
Type  H <return>  for immediate help.
 ...                                              
                                                  
l.5 ...∏–µ –º–µ—Ç–æ–¥–∞ –¥–∏–Ω–∞–º–∏—á–µ—Å–∫–æ–≥–æ
                                                   –ø—Ä–æ–≥—Ä–∞–º–º–∏—Ä–æ–≤–...

You may provide a definition with
\DeclareUnicodeCharacter 


! LaTeX Error: Unicode character –ø (U+043F)
               not set up for use with LaTeX.

See the LaTeX manual or LaTeX Companion for explanation.
Type  H <return>  for immediate help.
 ...                                              
                                                  
l.5 ... –º–µ—Ç–æ–¥–∞ –¥–∏–Ω–∞–º–∏—á–µ—Å–∫–æ–≥–æ –ø
                                                  —Ä–æ–≥—Ä–∞–º–º–∏—Ä–æ–≤–∞–Ω...

You may provide a definition with
\DeclareUnicodeCharacter 


! LaTeX Error: Unicode character —Ä (U+0440)
               not set up for use with LaTeX.

See the LaTeX manual or LaTeX Companion for explanation.
Type  H <return>  for immediate help.
 ...                                              
                                                  
l.5 ...º–µ—Ç–æ–¥–∞ –¥–∏–Ω–∞–º–∏—á–µ—Å–∫–æ–≥–æ –ø—Ä
                                                  –æ–≥—Ä–∞–º–º–∏—Ä–æ–≤–∞–Ω–∏...

You may provide a definition with
\DeclareUnicodeCharacter 


! LaTeX Error: Unicode character –æ (U+043E)
               not set up for use with LaTeX.

See the LaTeX manual or LaTeX Companion for explanation.
Type  H <return>  for immediate help.
 ...                                              
                                                  
l.5 ...µ—Ç–æ–¥–∞ –¥–∏–Ω–∞–º–∏—á–µ—Å–∫–æ–≥–æ –ø—Ä–æ
                                                  –≥—Ä–∞–º–º–∏—Ä–æ–≤–∞–Ω–∏—è...

You may provide a definition with
\DeclareUnicodeCharacter 


! LaTeX Error: Unicode character –≥ (U+0433)
               not set up for use with LaTeX.

See the LaTeX manual or LaTeX Companion for explanation.
Type  H <return>  for immediate help.
 ...                                              
                                                  
l.5 ...Ç–æ–¥–∞ –¥–∏–Ω–∞–º–∏—á–µ—Å–∫–æ–≥–æ –ø—Ä–æ–≥
                                                  —Ä–∞–º–º–∏—Ä–æ–≤–∞–Ω–∏—è –...

You may provide a definition with
\DeclareUnicodeCharacter 


! LaTeX Error: Unicode character —Ä (U+0440)
               not set up for use with LaTeX.

See the LaTeX manual or LaTeX Companion for explanation.
Type  H <return>  for immediate help.
 ...                                              
                                                  
l.5 ...æ–¥–∞ –¥–∏–Ω–∞–º–∏—á–µ—Å–∫–æ–≥–æ –ø—Ä–æ–≥—Ä
                                                  –∞–º–º–∏—Ä–æ–≤–∞–Ω–∏—è –Ω–...

You may provide a definition with
\DeclareUnicodeCharacter 


! LaTeX Error: Unicode character –∞ (U+0430)
               not set up for use with LaTeX.

See the LaTeX manual or LaTeX Companion for explanation.
Type  H <return>  for immediate help.
 ...                                              
                                                  
l.5 ...¥–∞ –¥–∏–Ω–∞–º–∏—á–µ—Å–∫–æ–≥–æ –ø—Ä–æ–≥—Ä–∞
                                                  –º–º–∏—Ä–æ–≤–∞–Ω–∏—è –Ω–∞ ...

You may provide a definition with
\DeclareUnicodeCharacter 


! LaTeX Error: Unicode character –º (U+043C)
               not set up for use with LaTeX.

See the LaTeX manual or LaTeX Companion for explanation.
Type  H <return>  for immediate help.
 ...                                              
                                                  
l.5 ...∞ –¥–∏–Ω–∞–º–∏—á–µ—Å–∫–æ–≥–æ –ø—Ä–æ–≥—Ä–∞–º
                                                  –º–∏—Ä–æ–≤–∞–Ω–∏—è –Ω–∞ –æ...

You may provide a definition with
\DeclareUnicodeCharacter 


! LaTeX Error: Unicode character –º (U+043C)
               not set up for use with LaTeX.

See the LaTeX manual or LaTeX Companion for explanation.
Type  H <return>  for immediate help.
 ...                                              
                                                  
l.5 ...–¥–∏–Ω–∞–º–∏—á–µ—Å–∫–æ–≥–æ –ø—Ä–æ–≥—Ä–∞–º–º
                                                  –∏—Ä–æ–≤–∞–Ω–∏—è –Ω–∞ –æ—Å...

You may provide a definition with
\DeclareUnicodeCharacter 


! LaTeX Error: Unicode character –∏ (U+0438)
               not set up for use with LaTeX.

See the LaTeX manual or LaTeX Companion for explanation.
Type  H <return>  for immediate help.
 ...                                              
                                                  
l.5 ...–∏–Ω–∞–º–∏—á–µ—Å–∫–æ–≥–æ –ø—Ä–æ–≥—Ä–∞–º–º–∏
                                                  —Ä–æ–≤–∞–Ω–∏—è –Ω–∞ –æ—Å–Ω...

You may provide a definition with
\DeclareUnicodeCharacter 


! LaTeX Error: Unicode character —Ä (U+0440)
               not set up for use with LaTeX.

See the LaTeX manual or LaTeX Companion for explanation.
Type  H <return>  for immediate help.
 ...                                              
                                                  
l.5 ...–Ω–∞–º–∏—á–µ—Å–∫–æ–≥–æ –ø—Ä–æ–≥—Ä–∞–º–º–∏—Ä
                                                  –æ–≤–∞–Ω–∏—è –Ω–∞ –æ—Å–Ω–æ...

You may provide a definition with
\DeclareUnicodeCharacter 


! LaTeX Error: Unicode character –æ (U+043E)
               not set up for use with LaTeX.

See the LaTeX manual or LaTeX Companion for explanation.
Type  H <return>  for immediate help.
 ...                                              
                                                  
l.5 ...–∞–º–∏—á–µ—Å–∫–æ–≥–æ –ø—Ä–æ–≥—Ä–∞–º–º–∏—Ä–æ
                                                  –≤–∞–Ω–∏—è –Ω–∞ –æ—Å–Ω–æ–≤...

You may provide a definition with
\DeclareUnicodeCharacter 


! LaTeX Error: Unicode character –≤ (U+0432)
               not set up for use with LaTeX.

See the LaTeX manual or LaTeX Companion for explanation.
Type  H <return>  for immediate help.
 ...                                              
                                                  
l.5 ...–º–∏—á–µ—Å–∫–æ–≥–æ –ø—Ä–æ–≥—Ä–∞–º–º–∏—Ä–æ–≤
                                                  –∞–Ω–∏—è –Ω–∞ –æ—Å–Ω–æ–≤–∞...

You may provide a definition with
\DeclareUnicodeCharacter 


! LaTeX Error: Unicode character –∞ (U+0430)
               not set up for use with LaTeX.

See the LaTeX manual or LaTeX Companion for explanation.
Type  H <return>  for immediate help.
 ...                                              
                                                  
l.5 ...–∏—á–µ—Å–∫–æ–≥–æ –ø—Ä–æ–≥—Ä–∞–º–º–∏—Ä–æ–≤–∞
                                                  –Ω–∏—è –Ω–∞ –æ—Å–Ω–æ–≤–∞–Ω...

You may provide a definition with
\DeclareUnicodeCharacter 


! LaTeX Error: Unicode character –Ω (U+043D)
               not set up for use with LaTeX.

See the LaTeX manual or LaTeX Companion for explanation.
Type  H <return>  for immediate help.
 ...                                              
                                                  
l.5 ...—á–µ—Å–∫–æ–≥–æ –ø—Ä–æ–≥—Ä–∞–º–º–∏—Ä–æ–≤–∞–Ω
                                                  –∏—è –Ω–∞ –æ—Å–Ω–æ–≤–∞–Ω–∏...

You may provide a definition with
\DeclareUnicodeCharacter 


! LaTeX Error: Unicode character –∏ (U+0438)
               not set up for use with LaTeX.

See the LaTeX manual or LaTeX Companion for explanation.
Type  H <return>  for immediate help.
 ...                                              
                                                  
l.5 ...–µ—Å–∫–æ–≥–æ –ø—Ä–æ–≥—Ä–∞–º–º–∏—Ä–æ–≤–∞–Ω–∏
                                                  —è –Ω–∞ –æ—Å–Ω–æ–≤–∞–Ω–∏–∏...

You may provide a definition with
\DeclareUnicodeCharacter 


! LaTeX Error: Unicode character —è (U+044F)
               not set up for use with LaTeX.

See the LaTeX manual or LaTeX Companion for explanation.
Type  H <return>  for immediate help.
 ...                                              
                                                  
l.5 ...—Å–∫–æ–≥–æ –ø—Ä–æ–≥—Ä–∞–º–º–∏—Ä–æ–≤–∞–Ω–∏—è
                                                   –Ω–∞ –æ—Å–Ω–æ–≤–∞–Ω–∏–∏ –...

You may provide a definition with
\DeclareUnicodeCharacter 


! LaTeX Error: Unicode character –Ω (U+043D)
               not set up for use with LaTeX.

See the LaTeX manual or LaTeX Companion for explanation.
Type  H <return>  for immediate help.
 ...                                              
                                                  
l.5 ...∫–æ–≥–æ –ø—Ä–æ–≥—Ä–∞–º–º–∏—Ä–æ–≤–∞–Ω–∏—è –Ω
                                                  –∞ –æ—Å–Ω–æ–≤–∞–Ω–∏–∏ –æ–ø...

You may provide a definition with
\DeclareUnicodeCharacter 


! LaTeX Error: Unicode character –∞ (U+0430)
               not set up for use with LaTeX.

See the LaTeX manual or LaTeX Companion for explanation.
Type  H <return>  for immediate help.
 ...                                              
                                                  
l.5 ...æ–≥–æ –ø—Ä–æ–≥—Ä–∞–º–º–∏—Ä–æ–≤–∞–Ω–∏—è –Ω–∞
                                                   –æ—Å–Ω–æ–≤–∞–Ω–∏–∏ –æ–ø—Ä...

You may provide a definition with
\DeclareUnicodeCharacter 


! LaTeX Error: Unicode character –æ (U+043E)
               not set up for use with LaTeX.

See the LaTeX manual or LaTeX Companion for explanation.
Type  H <return>  for immediate help.
 ...                                              
                                                  
l.5 ...–æ –ø—Ä–æ–≥—Ä–∞–º–º–∏—Ä–æ–≤–∞–Ω–∏—è –Ω–∞ –æ
                                                  —Å–Ω–æ–≤–∞–Ω–∏–∏ –æ–ø—Ä–µ–...

You may provide a definition with
\DeclareUnicodeCharacter 


! LaTeX Error: Unicode character —Å (U+0441)
               not set up for use with LaTeX.

See the LaTeX manual or LaTeX Companion for explanation.
Type  H <return>  for immediate help.
 ...                                              
                                                  
l.5 ... –ø—Ä–æ–≥—Ä–∞–º–º–∏—Ä–æ–≤–∞–Ω–∏—è –Ω–∞ –æ—Å
                                                  –Ω–æ–≤–∞–Ω–∏–∏ –æ–ø—Ä–µ–¥–...

You may provide a definition with
\DeclareUnicodeCharacter 


! LaTeX Error: Unicode character –Ω (U+043D)
               not set up for use with LaTeX.

See the LaTeX manual or LaTeX Companion for explanation.
Type  H <return>  for immediate help.
 ...                                              
                                                  
l.5 ...ø—Ä–æ–≥—Ä–∞–º–º–∏—Ä–æ–≤–∞–Ω–∏—è –Ω–∞ –æ—Å–Ω
                                                  –æ–≤–∞–Ω–∏–∏ –æ–ø—Ä–µ–¥–µ–...

You may provide a definition with
\DeclareUnicodeCharacter 


! LaTeX Error: Unicode character –æ (U+043E)
               not set up for use with LaTeX.

See the LaTeX manual or LaTeX Companion for explanation.
Type  H <return>  for immediate help.
 ...                                              
                                                  
l.5 ...Ä–æ–≥—Ä–∞–º–º–∏—Ä–æ–≤–∞–Ω–∏—è –Ω–∞ –æ—Å–Ω–æ
                                                  –≤–∞–Ω–∏–∏ –æ–ø—Ä–µ–¥–µ–ª–...

You may provide a definition with
\DeclareUnicodeCharacter 


! LaTeX Error: Unicode character –≤ (U+0432)
               not set up for use with LaTeX.

See the LaTeX manual or LaTeX Companion for explanation.
Type  H <return>  for immediate help.
 ...                                              
                                                  
l.5 ...æ–≥—Ä–∞–º–º–∏—Ä–æ–≤–∞–Ω–∏—è –Ω–∞ –æ—Å–Ω–æ–≤
                                                  –∞–Ω–∏–∏ –æ–ø—Ä–µ–¥–µ–ª–µ–...

You may provide a definition with
\DeclareUnicodeCharacter 


! LaTeX Error: Unicode character –∞ (U+0430)
               not set up for use with LaTeX.

See the LaTeX manual or LaTeX Companion for explanation.
Type  H <return>  for immediate help.
 ...                                              
                                                  
l.5 ...≥—Ä–∞–º–º–∏—Ä–æ–≤–∞–Ω–∏—è –Ω–∞ –æ—Å–Ω–æ–≤–∞
                                                  –Ω–∏–∏ –æ–ø—Ä–µ–¥–µ–ª–µ–Ω–...

You may provide a definition with
\DeclareUnicodeCharacter 


! LaTeX Error: Unicode character –Ω (U+043D)
               not set up for use with LaTeX.

See the LaTeX manual or LaTeX Companion for explanation.
Type  H <return>  for immediate help.
 ...                                              
                                                  
l.5 ...Ä–∞–º–º–∏—Ä–æ–≤–∞–Ω–∏—è –Ω–∞ –æ—Å–Ω–æ–≤–∞–Ω
                                                  –∏–∏ –æ–ø—Ä–µ–¥–µ–ª–µ–Ω–∏—...

You may provide a definition with
\DeclareUnicodeCharacter 


! LaTeX Error: Unicode character –∏ (U+0438)
               not set up for use with LaTeX.

See the LaTeX manual or LaTeX Companion for explanation.
Type  H <return>  for immediate help.
 ...                                              
                                                  
l.5 ...∞–º–º–∏—Ä–æ–≤–∞–Ω–∏—è –Ω–∞ –æ—Å–Ω–æ–≤–∞–Ω–∏
                                                  –∏ –æ–ø—Ä–µ–¥–µ–ª–µ–Ω–∏—è ...

You may provide a definition with
\DeclareUnicodeCharacter 


! LaTeX Error: Unicode character –∏ (U+0438)
               not set up for use with LaTeX.

See the LaTeX manual or LaTeX Companion for explanation.
Type  H <return>  for immediate help.
 ...                                              
                                                  
l.5 ...º–º–∏—Ä–æ–≤–∞–Ω–∏—è –Ω–∞ –æ—Å–Ω–æ–≤–∞–Ω–∏–∏
                                                   –æ–ø—Ä–µ–¥–µ–ª–µ–Ω–∏—è —Ä...

You may provide a definition with
\DeclareUnicodeCharacter 


! LaTeX Error: Unicode character –æ (U+043E)
               not set up for use with LaTeX.

See the LaTeX manual or LaTeX Companion for explanation.
Type  H <return>  for immediate help.
 ...                                              
                                                  
l.5 ...–∏—Ä–æ–≤–∞–Ω–∏—è –Ω–∞ –æ—Å–Ω–æ–≤–∞–Ω–∏–∏ –æ
                                                  –ø—Ä–µ–¥–µ–ª–µ–Ω–∏—è —Ä–µ–...

You may provide a definition with
\DeclareUnicodeCharacter 


! LaTeX Error: Unicode character –ø (U+043F)
               not set up for use with LaTeX.

See the LaTeX manual or LaTeX Companion for explanation.
Type  H <return>  for immediate help.
 ...                                              
                                                  
l.5 ...—Ä–æ–≤–∞–Ω–∏—è –Ω–∞ –æ—Å–Ω–æ–≤–∞–Ω–∏–∏ –æ–ø
                                                  —Ä–µ–¥–µ–ª–µ–Ω–∏—è —Ä–µ–¥–...

You may provide a definition with
\DeclareUnicodeCharacter 


! LaTeX Error: Unicode character —Ä (U+0440)
               not set up for use with LaTeX.

See the LaTeX manual or LaTeX Companion for explanation.
Type  H <return>  for immediate help.
 ...                                              
                                                  
l.5 ...–æ–≤–∞–Ω–∏—è –Ω–∞ –æ—Å–Ω–æ–≤–∞–Ω–∏–∏ –æ–ø—Ä
                                                  –µ–¥–µ–ª–µ–Ω–∏—è —Ä–µ–¥–∞–...

You may provide a definition with
\DeclareUnicodeCharacter 


! LaTeX Error: Unicode character –µ (U+0435)
               not set up for use with LaTeX.

See the LaTeX manual or LaTeX Companion for explanation.
Type  H <return>  for immediate help.
 ...                                              
                                                  
l.5 ...–≤–∞–Ω–∏—è –Ω–∞ –æ—Å–Ω–æ–≤–∞–Ω–∏–∏ –æ–ø—Ä–µ
                                                  –¥–µ–ª–µ–Ω–∏—è —Ä–µ–¥–∞–∫—...

You may provide a definition with
\DeclareUnicodeCharacter 


! LaTeX Error: Unicode character –¥ (U+0434)
               not set up for use with LaTeX.

See the LaTeX manual or LaTeX Companion for explanation.
Type  H <return>  for immediate help.
 ...                                              
                                                  
l.5 ...–∞–Ω–∏—è –Ω–∞ –æ—Å–Ω–æ–≤–∞–Ω–∏–∏ –æ–ø—Ä–µ–¥
                                                  –µ–ª–µ–Ω–∏—è —Ä–µ–¥–∞–∫—Ü–...

You may provide a definition with
\DeclareUnicodeCharacter 


! LaTeX Error: Unicode character –µ (U+0435)
               not set up for use with LaTeX.

See the LaTeX manual or LaTeX Companion for explanation.
Type  H <return>  for immediate help.
 ...                                              
                                                  
l.5 ...–Ω–∏—è –Ω–∞ –æ—Å–Ω–æ–≤–∞–Ω–∏–∏ –æ–ø—Ä–µ–¥–µ
                                                  –ª–µ–Ω–∏—è —Ä–µ–¥–∞–∫—Ü–∏–...

You may provide a definition with
\DeclareUnicodeCharacter 


! LaTeX Error: Unicode character –ª (U+043B)
               not set up for use with LaTeX.

See the LaTeX manual or LaTeX Companion for explanation.
Type  H <return>  for immediate help.
 ...                                              
                                                  
l.5 ...–∏—è –Ω–∞ –æ—Å–Ω–æ–≤–∞–Ω–∏–∏ –æ–ø—Ä–µ–¥–µ–ª
                                                  –µ–Ω–∏—è —Ä–µ–¥–∞–∫—Ü–∏–æ–...

You may provide a definition with
\DeclareUnicodeCharacter 


! LaTeX Error: Unicode character –µ (U+0435)
               not set up for use with LaTeX.

See the LaTeX manual or LaTeX Companion for explanation.
Type  H <return>  for immediate help.
 ...                                              
                                                  
l.5 ...—è –Ω–∞ –æ—Å–Ω–æ–≤–∞–Ω–∏–∏ –æ–ø—Ä–µ–¥–µ–ª–µ
                                                  –Ω–∏—è —Ä–µ–¥–∞–∫—Ü–∏–æ–Ω–...

You may provide a definition with
\DeclareUnicodeCharacter 


! LaTeX Error: Unicode character –Ω (U+043D)
               not set up for use with LaTeX.

See the LaTeX manual or LaTeX Companion for explanation.
Type  H <return>  for immediate help.
 ...                                              
                                                  
l.5 ... –Ω–∞ –æ—Å–Ω–æ–≤–∞–Ω–∏–∏ –æ–ø—Ä–µ–¥–µ–ª–µ–Ω
                                                  –∏—è —Ä–µ–¥–∞–∫—Ü–∏–æ–Ω–Ω—...

You may provide a definition with
\DeclareUnicodeCharacter 


! LaTeX Error: Unicode character –∏ (U+0438)
               not set up for use with LaTeX.

See the LaTeX manual or LaTeX Companion for explanation.
Type  H <return>  for immediate help.
 ...                                              
                                                  
l.5 ...Ω–∞ –æ—Å–Ω–æ–≤–∞–Ω–∏–∏ –æ–ø—Ä–µ–¥–µ–ª–µ–Ω–∏
                                                  —è —Ä–µ–¥–∞–∫—Ü–∏–æ–Ω–Ω—ã—...

You may provide a definition with
\DeclareUnicodeCharacter 


! LaTeX Error: Unicode character —è (U+044F)
               not set up for use with LaTeX.

See the LaTeX manual or LaTeX Companion for explanation.
Type  H <return>  for immediate help.
 ...                                              
                                                  
l.5 ...∞ –æ—Å–Ω–æ–≤–∞–Ω–∏–∏ –æ–ø—Ä–µ–¥–µ–ª–µ–Ω–∏—è
                                                   —Ä–µ–¥–∞–∫—Ü–∏–æ–Ω–Ω—ã—Ö ...

You may provide a definition with
\DeclareUnicodeCharacter 


! LaTeX Error: Unicode character —Ä (U+0440)
               not set up for use with LaTeX.

See the LaTeX manual or LaTeX Companion for explanation.
Type  H <return>  for immediate help.
 ...                                              
                                                  
l.5 ...æ—Å–Ω–æ–≤–∞–Ω–∏–∏ –æ–ø—Ä–µ–¥–µ–ª–µ–Ω–∏—è —Ä
                                                  –µ–¥–∞–∫—Ü–∏–æ–Ω–Ω—ã—Ö —Ä–...

You may provide a definition with
\DeclareUnicodeCharacter 


! LaTeX Error: Unicode character –µ (U+0435)
               not set up for use with LaTeX.

See the LaTeX manual or LaTeX Companion for explanation.
Type  H <return>  for immediate help.
 ...                                              
                                                  
l.5 ...Å–Ω–æ–≤–∞–Ω–∏–∏ –æ–ø—Ä–µ–¥–µ–ª–µ–Ω–∏—è —Ä–µ
                                                  –¥–∞–∫—Ü–∏–æ–Ω–Ω—ã—Ö —Ä–∞—...

You may provide a definition with
\DeclareUnicodeCharacter 


! LaTeX Error: Unicode character –¥ (U+0434)
               not set up for use with LaTeX.

See the LaTeX manual or LaTeX Companion for explanation.
Type  H <return>  for immediate help.
 ...                                              
                                                  
l.5 ...Ω–æ–≤–∞–Ω–∏–∏ –æ–ø—Ä–µ–¥–µ–ª–µ–Ω–∏—è —Ä–µ–¥
                                                  –∞–∫—Ü–∏–æ–Ω–Ω—ã—Ö —Ä–∞—Å—...

You may provide a definition with
\DeclareUnicodeCharacter 


! LaTeX Error: Unicode character –∞ (U+0430)
               not set up for use with LaTeX.

See the LaTeX manual or LaTeX Companion for explanation.
Type  H <return>  for immediate help.
 ...                                              
                                                  
l.5 ...æ–≤–∞–Ω–∏–∏ –æ–ø—Ä–µ–¥–µ–ª–µ–Ω–∏—è —Ä–µ–¥–∞
                                                  –∫—Ü–∏–æ–Ω–Ω—ã—Ö —Ä–∞—Å—Å—...

You may provide a definition with
\DeclareUnicodeCharacter 


! LaTeX Error: Unicode character –∫ (U+043A)
               not set up for use with LaTeX.

See the LaTeX manual or LaTeX Companion for explanation.
Type  H <return>  for immediate help.
 ...                                              
                                                  
l.5 ...≤–∞–Ω–∏–∏ –æ–ø—Ä–µ–¥–µ–ª–µ–Ω–∏—è —Ä–µ–¥–∞–∫
                                                  —Ü–∏–æ–Ω–Ω—ã—Ö —Ä–∞—Å—Å—Ç–...

You may provide a definition with
\DeclareUnicodeCharacter 


! LaTeX Error: Unicode character —Ü (U+0446)
               not set up for use with LaTeX.

See the LaTeX manual or LaTeX Companion for explanation.
Type  H <return>  for immediate help.
 ...                                              
                                                  
l.5 ...∞–Ω–∏–∏ –æ–ø—Ä–µ–¥–µ–ª–µ–Ω–∏—è —Ä–µ–¥–∞–∫—Ü
                                                  –∏–æ–Ω–Ω—ã—Ö —Ä–∞—Å—Å—Ç–æ—...

You may provide a definition with
\DeclareUnicodeCharacter 


! LaTeX Error: Unicode character –∏ (U+0438)
               not set up for use with LaTeX.

See the LaTeX manual or LaTeX Companion for explanation.
Type  H <return>  for immediate help.
 ...                                              
                                                  
l.5 ...Ω–∏–∏ –æ–ø—Ä–µ–¥–µ–ª–µ–Ω–∏—è —Ä–µ–¥–∞–∫—Ü–∏
                                                  –æ–Ω–Ω—ã—Ö —Ä–∞—Å—Å—Ç–æ—è–...

You may provide a definition with
\DeclareUnicodeCharacter 


! LaTeX Error: Unicode character –æ (U+043E)
               not set up for use with LaTeX.

See the LaTeX manual or LaTeX Companion for explanation.
Type  H <return>  for immediate help.
 ...                                              
                                                  
l.5 ...∏–∏ –æ–ø—Ä–µ–¥–µ–ª–µ–Ω–∏—è —Ä–µ–¥–∞–∫—Ü–∏–æ
                                                  –Ω–Ω—ã—Ö —Ä–∞—Å—Å—Ç–æ—è–Ω–...

You may provide a definition with
\DeclareUnicodeCharacter 


! LaTeX Error: Unicode character –Ω (U+043D)
               not set up for use with LaTeX.

See the LaTeX manual or LaTeX Companion for explanation.
Type  H <return>  for immediate help.
 ...                                              
                                                  
l.5 ...∏ –æ–ø—Ä–µ–¥–µ–ª–µ–Ω–∏—è —Ä–µ–¥–∞–∫—Ü–∏–æ–Ω
                                                  –Ω—ã—Ö —Ä–∞—Å—Å—Ç–æ—è–Ω–∏–...

You may provide a definition with
\DeclareUnicodeCharacter 


! LaTeX Error: Unicode character –Ω (U+043D)
               not set up for use with LaTeX.

See the LaTeX manual or LaTeX Companion for explanation.
Type  H <return>  for immediate help.
 ...                                              
                                                  
l.5 ...–æ–ø—Ä–µ–¥–µ–ª–µ–Ω–∏—è —Ä–µ–¥–∞–∫—Ü–∏–æ–Ω–Ω
                                                  —ã—Ö —Ä–∞—Å—Å—Ç–æ—è–Ω–∏–π ...

You may provide a definition with
\DeclareUnicodeCharacter 


! LaTeX Error: Unicode character —ã (U+044B)
               not set up for use with LaTeX.

See the LaTeX manual or LaTeX Companion for explanation.
Type  H <return>  for immediate help.
 ...                                              
                                                  
l.5 ...–ø—Ä–µ–¥–µ–ª–µ–Ω–∏—è —Ä–µ–¥–∞–∫—Ü–∏–æ–Ω–Ω—ã
                                                  —Ö —Ä–∞—Å—Å—Ç–æ—è–Ω–∏–π –ø...

You may provide a definition with
\DeclareUnicodeCharacter 


! LaTeX Error: Unicode character —Ö (U+0445)
               not set up for use with LaTeX.

See the LaTeX manual or LaTeX Companion for explanation.
Type  H <return>  for immediate help.
 ...                                              
                                                  
l.5 ...—Ä–µ–¥–µ–ª–µ–Ω–∏—è —Ä–µ–¥–∞–∫—Ü–∏–æ–Ω–Ω—ã—Ö
                                                   —Ä–∞—Å—Å—Ç–æ—è–Ω–∏–π –ø–æ...

You may provide a definition with
\DeclareUnicodeCharacter 


! LaTeX Error: Unicode character —Ä (U+0440)
               not set up for use with LaTeX.

See the LaTeX manual or LaTeX Companion for explanation.
Type  H <return>  for immediate help.
 ...                                              
                                                  
l.5 ...µ–¥–µ–ª–µ–Ω–∏—è —Ä–µ–¥–∞–∫—Ü–∏–æ–Ω–Ω—ã—Ö —Ä
                                                  –∞—Å—Å—Ç–æ—è–Ω–∏–π –ø–æ –∞...

You may provide a definition with
\DeclareUnicodeCharacter 


! LaTeX Error: Unicode character –∞ (U+0430)
               not set up for use with LaTeX.

See the LaTeX manual or LaTeX Companion for explanation.
Type  H <return>  for immediate help.
 ...                                              
                                                  
l.5 ...¥–µ–ª–µ–Ω–∏—è —Ä–µ–¥–∞–∫—Ü–∏–æ–Ω–Ω—ã—Ö —Ä–∞
                                                  —Å—Å—Ç–æ—è–Ω–∏–π –ø–æ –∞–ª...

You may provide a definition with
\DeclareUnicodeCharacter 


! LaTeX Error: Unicode character —Å (U+0441)
               not set up for use with LaTeX.

See the LaTeX manual or LaTeX Companion for explanation.
Type  H <return>  for immediate help.
 ...                                              
                                                  
l.5 ...µ–ª–µ–Ω–∏—è —Ä–µ–¥–∞–∫—Ü–∏–æ–Ω–Ω—ã—Ö —Ä–∞—Å
                                                  —Å—Ç–æ—è–Ω–∏–π –ø–æ –∞–ª–≥...

You may provide a definition with
\DeclareUnicodeCharacter 


! LaTeX Error: Unicode character —Å (U+0441)
               not set up for use with LaTeX.

See the LaTeX manual or LaTeX Companion for explanation.
Type  H <return>  for immediate help.
 ...                                              
                                                  
l.5 ...ª–µ–Ω–∏—è —Ä–µ–¥–∞–∫—Ü–∏–æ–Ω–Ω—ã—Ö —Ä–∞—Å—Å
                                                  —Ç–æ—è–Ω–∏–π –ø–æ –∞–ª–≥–æ...

You may provide a definition with
\DeclareUnicodeCharacter 


! LaTeX Error: Unicode character —Ç (U+0442)
               not set up for use with LaTeX.

See the LaTeX manual or LaTeX Companion for explanation.
Type  H <return>  for immediate help.
 ...                                              
                                                  
l.5 ...µ–Ω–∏—è —Ä–µ–¥–∞–∫—Ü–∏–æ–Ω–Ω—ã—Ö —Ä–∞—Å—Å—Ç
                                                  –æ—è–Ω–∏–π –ø–æ –∞–ª–≥–æ—Ä...

You may provide a definition with
\DeclareUnicodeCharacter 


! LaTeX Error: Unicode character –æ (U+043E)
               not set up for use with LaTeX.

See the LaTeX manual or LaTeX Companion for explanation.
Type  H <return>  for immediate help.
 ...                                              
                                                  
l.5 ...Ω–∏—è —Ä–µ–¥–∞–∫—Ü–∏–æ–Ω–Ω—ã—Ö —Ä–∞—Å—Å—Ç–æ
                                                  —è–Ω–∏–π –ø–æ –∞–ª–≥–æ—Ä–∏...

You may provide a definition with
\DeclareUnicodeCharacter 


! LaTeX Error: Unicode character —è (U+044F)
               not set up for use with LaTeX.

See the LaTeX manual or LaTeX Companion for explanation.
Type  H <return>  for immediate help.
 ...                                              
                                                  
l.5 ...∏—è —Ä–µ–¥–∞–∫—Ü–∏–æ–Ω–Ω—ã—Ö —Ä–∞—Å—Å—Ç–æ—è
                                                  –Ω–∏–π –ø–æ –∞–ª–≥–æ—Ä–∏—Ç...

You may provide a definition with
\DeclareUnicodeCharacter 


! LaTeX Error: Unicode character –Ω (U+043D)
               not set up for use with LaTeX.

See the LaTeX manual or LaTeX Companion for explanation.
Type  H <return>  for immediate help.
 ...                                              
                                                  
l.5 ...è —Ä–µ–¥–∞–∫—Ü–∏–æ–Ω–Ω—ã—Ö —Ä–∞—Å—Å—Ç–æ—è–Ω
                                                  –∏–π –ø–æ –∞–ª–≥–æ—Ä–∏—Ç–º...

You may provide a definition with
\DeclareUnicodeCharacter 


! LaTeX Error: Unicode character –∏ (U+0438)
               not set up for use with LaTeX.

See the LaTeX manual or LaTeX Companion for explanation.
Type  H <return>  for immediate help.
 ...                                              
                                                  
l.5 ...—Ä–µ–¥–∞–∫—Ü–∏–æ–Ω–Ω—ã—Ö —Ä–∞—Å—Å—Ç–æ—è–Ω–∏
                                                  –π –ø–æ –∞–ª–≥–æ—Ä–∏—Ç–º–∞...

You may provide a definition with
\DeclareUnicodeCharacter 


! LaTeX Error: Unicode character –π (U+0439)
               not set up for use with LaTeX.

See the LaTeX manual or LaTeX Companion for explanation.
Type  H <return>  for immediate help.
 ...                                              
                                                  
l.5 ...–µ–¥–∞–∫—Ü–∏–æ–Ω–Ω—ã—Ö —Ä–∞—Å—Å—Ç–æ—è–Ω–∏–π
                                                   –ø–æ –∞–ª–≥–æ—Ä–∏—Ç–º–∞–º...

You may provide a definition with
\DeclareUnicodeCharacter 


! LaTeX Error: Unicode character –ø (U+043F)
               not set up for use with LaTeX.

See the LaTeX manual or LaTeX Companion for explanation.
Type  H <return>  for immediate help.
 ...                                              
                                                  
l.5 ...¥–∞–∫—Ü–∏–æ–Ω–Ω—ã—Ö —Ä–∞—Å—Å—Ç–æ—è–Ω–∏–π –ø
                                                  –æ –∞–ª–≥–æ—Ä–∏—Ç–º–∞–º –õ...

You may provide a definition with
\DeclareUnicodeCharacter 


! LaTeX Error: Unicode character –æ (U+043E)
               not set up for use with LaTeX.

See the LaTeX manual or LaTeX Companion for explanation.
Type  H <return>  for immediate help.
 ...                                              
                                                  
l.5 ...∞–∫—Ü–∏–æ–Ω–Ω—ã—Ö —Ä–∞—Å—Å—Ç–æ—è–Ω–∏–π –ø–æ
                                                   –∞–ª–≥–æ—Ä–∏—Ç–º–∞–º –õ–µ...

You may provide a definition with
\DeclareUnicodeCharacter 


! LaTeX Error: Unicode character –∞ (U+0430)
               not set up for use with LaTeX.

See the LaTeX manual or LaTeX Companion for explanation.
Type  H <return>  for immediate help.
 ...                                              
                                                  
l.5 ...—Ü–∏–æ–Ω–Ω—ã—Ö —Ä–∞—Å—Å—Ç–æ—è–Ω–∏–π –ø–æ –∞
                                                  –ª–≥–æ—Ä–∏—Ç–º–∞–º –õ–µ–≤–...

You may provide a definition with
\DeclareUnicodeCharacter 


! LaTeX Error: Unicode character –ª (U+043B)
               not set up for use with LaTeX.

See the LaTeX manual or LaTeX Companion for explanation.
Type  H <return>  for immediate help.
 ...                                              
                                                  
l.5 ...–∏–æ–Ω–Ω—ã—Ö —Ä–∞—Å—Å—Ç–æ—è–Ω–∏–π –ø–æ –∞–ª
                                                  –≥–æ—Ä–∏—Ç–º–∞–º –õ–µ–≤–µ–...

You may provide a definition with
\DeclareUnicodeCharacter 


! LaTeX Error: Unicode character –≥ (U+0433)
               not set up for use with LaTeX.

See the LaTeX manual or LaTeX Companion for explanation.
Type  H <return>  for immediate help.
 ...                                              
                                                  
l.5 ...–æ–Ω–Ω—ã—Ö —Ä–∞—Å—Å—Ç–æ—è–Ω–∏–π –ø–æ –∞–ª–≥
                                                  –æ—Ä–∏—Ç–º–∞–º –õ–µ–≤–µ–Ω—...

You may provide a definition with
\DeclareUnicodeCharacter 


! LaTeX Error: Unicode character –æ (U+043E)
               not set up for use with LaTeX.

See the LaTeX manual or LaTeX Companion for explanation.
Type  H <return>  for immediate help.
 ...                                              
                                                  
l.5 ...–Ω–Ω—ã—Ö —Ä–∞—Å—Å—Ç–æ—è–Ω–∏–π –ø–æ –∞–ª–≥–æ
                                                  —Ä–∏—Ç–º–∞–º –õ–µ–≤–µ–Ω—à—...

You may provide a definition with
\DeclareUnicodeCharacter 


! LaTeX Error: Unicode character —Ä (U+0440)
               not set up for use with LaTeX.

See the LaTeX manual or LaTeX Companion for explanation.
Type  H <return>  for immediate help.
 ...                                              
                                                  
l.5 ...–Ω—ã—Ö —Ä–∞—Å—Å—Ç–æ—è–Ω–∏–π –ø–æ –∞–ª–≥–æ—Ä
                                                  –∏—Ç–º–∞–º –õ–µ–≤–µ–Ω—à—Ç–...

You may provide a definition with
\DeclareUnicodeCharacter 


! LaTeX Error: Unicode character –∏ (U+0438)
               not set up for use with LaTeX.

See the LaTeX manual or LaTeX Companion for explanation.
Type  H <return>  for immediate help.
 ...                                              
                                                  
l.5 ...—ã—Ö —Ä–∞—Å—Å—Ç–æ—è–Ω–∏–π –ø–æ –∞–ª–≥–æ—Ä–∏
                                                  —Ç–º–∞–º –õ–µ–≤–µ–Ω—à—Ç–µ–...
(That makes 100 errors; please try again.) 
Here is how much of TeX's memory you used:
 49 strings out of 476331
 799 string characters out of 5804181
 1849660 words of memory out of 5000000
 20585 multiletter control sequences out of 15000+600000
 512595 words of font info for 33 fonts, out of 8000000 for 9000
 1141 hyphenation exceptions out of 8191
 14i,1n,12p,386b,72s stack positions out of 10000i,1000n,20000p,200000b,200000s

!  ==> Fatal error occurred, no output PDF file produced!
